[2026-01-07 15:01:01] local.ERROR: Telegram notification failed {"http_code":0,"curl_error":"Operation timed out after 10001 milliseconds with 0 out of 0 bytes received","response":false} 
[2026-01-07 15:01:03] local.ERROR: Telegram notification failed {"http_code":0,"curl_error":"Failed to connect to api.telegram.org port 443: Connection timed out","response":false} 
[2026-01-07 15:01:04] local.ERROR: Telegram notification failed {"http_code":0,"curl_error":"Operation timed out after 10001 milliseconds with 0 out of 0 bytes received","response":false} 
[2026-01-07 15:01:05] local.ERROR: Telegram notification failed {"http_code":0,"curl_error":"Operation timed out after 10000 milliseconds with 0 bytes received","response":false} 
[2026-01-26 14:12:03] local.ERROR: Telegram notification failed {"http_code":400,"curl_error":"","response":"{\"ok\":false,\"error_code\":400,\"description\":\"Bad Request: can't parse entities: Can't find end of the entity starting at byte offset 388\"}"} 
[2026-01-26 14:12:08] local.ERROR: Telegram notification failed {"http_code":400,"curl_error":"","response":"{\"ok\":false,\"error_code\":400,\"description\":\"Bad Request: can't parse entities: Can't find end of the entity starting at byte offset 388\"}"} 
[2026-02-04 10:55:38] local.ERROR: Telegram notification failed {"http_code":400,"curl_error":"","response":"{\"ok\":false,\"error_code\":400,\"description\":\"Bad Request: can't parse entities: Can't find end of the entity starting at byte offset 328\"}"} 
[2026-02-04 10:55:45] local.ERROR: Telegram notification failed {"http_code":400,"curl_error":"","response":"{\"ok\":false,\"error_code\":400,\"description\":\"Bad Request: can't parse entities: Can't find end of the entity starting at byte offset 328\"}"} 
[2026-02-04 10:56:01] local.ERROR: Telegram notification failed {"http_code":400,"curl_error":"","response":"{\"ok\":false,\"error_code\":400,\"description\":\"Bad Request: can't parse entities: Can't find end of the entity starting at byte offset 328\"}"} 
[2026-02-09 21:22:57] local.ERROR: Telegram notification failed {"http_code":400,"curl_error":"","response":"{\"ok\":false,\"error_code\":400,\"description\":\"Bad Request: can't parse entities: Can't find end of the entity starting at byte offset 349\"}"} 
[2026-02-09 21:23:01] local.ERROR: Telegram notification failed {"http_code":400,"curl_error":"","response":"{\"ok\":false,\"error_code\":400,\"description\":\"Bad Request: can't parse entities: Can't find end of the entity starting at byte offset 349\"}"} 
[2026-03-21 03:29:19] local.ERROR: Aborted. {"exception":"[object] (Symfony\\Component\\Console\\Exception\\MissingInputException(code: 0): Aborted. at /Applications/MAMP/htdocs/enot-24/archive/vendor/symfony/console/Helper/QuestionHelper.php:144)
[stacktrace]
#0 /Applications/MAMP/htdocs/enot-24/archive/vendor/symfony/console/Helper/QuestionHelper.php(72): Symfony\\Component\\Console\\Helper\\QuestionHelper->doAsk(Object(Illuminate\\Console\\OutputStyle), Object(Symfony\\Component\\Console\\Question\\ChoiceQuestion))
#1 /Applications/MAMP/htdocs/enot-24/archive/vendor/symfony/console/Helper/QuestionHelper.php(486): Symfony\\Component\\Console\\Helper\\QuestionHelper->Symfony\\Component\\Console\\Helper\\{closure}()
#2 /Applications/MAMP/htdocs/enot-24/archive/vendor/symfony/console/Helper/QuestionHelper.php(75): Symfony\\Component\\Console\\Helper\\QuestionHelper->validateAttempts(Object(Closure), Object(Illuminate\\Console\\OutputStyle), Object(Symfony\\Component\\Console\\Question\\ChoiceQuestion))
#3 /Applications/MAMP/htdocs/enot-24/archive/vendor/symfony/console/Style/SymfonyStyle.php(361): Symfony\\Component\\Console\\Helper\\QuestionHelper->ask(Object(Symfony\\Component\\Console\\Input\\ArgvInput), Object(Illuminate\\Console\\OutputStyle), Object(Symfony\\Component\\Console\\Question\\ChoiceQuestion))
#4 /Applications/MAMP/htdocs/enot-24/archive/vendor/laravel/framework/src/Illuminate/Console/Concerns/InteractsWithIO.php(212): Symfony\\Component\\Console\\Style\\SymfonyStyle->askQuestion(Object(Symfony\\Component\\Console\\Question\\ChoiceQuestion))
#5 /Applications/MAMP/htdocs/enot-24/archive/vendor/laravel/framework/src/Illuminate/Foundation/Console/VendorPublishCommand.php(110): Illuminate\\Console\\Command->choice(Object(Symfony\\Component\\Console\\Question\\ChoiceQuestion), Array)
#6 /Applications/MAMP/htdocs/enot-24/archive/vendor/laravel/framework/src/Illuminate/Foundation/Console/VendorPublishCommand.php(99): Illuminate\\Foundation\\Console\\VendorPublishCommand->promptForProviderOrTag()
#7 /Applications/MAMP/htdocs/enot-24/archive/vendor/laravel/framework/src/Illuminate/Foundation/Console/VendorPublishCommand.php(74): Illuminate\\Foundation\\Console\\VendorPublishCommand->determineWhatShouldBePublished()
#8 /Applications/MAMP/htdocs/enot-24/archive/vendor/laravel/framework/src/Illuminate/Container/BoundMethod.php(36): Illuminate\\Foundation\\Console\\VendorPublishCommand->handle()
#9 /Applications/MAMP/htdocs/enot-24/archive/vendor/laravel/framework/src/Illuminate/Container/Util.php(40): Illuminate\\Container\\BoundMethod::Illuminate\\Container\\{closure}()
#10 /Applications/MAMP/htdocs/enot-24/archive/vendor/laravel/framework/src/Illuminate/Container/BoundMethod.php(93): Illuminate\\Container\\Util::unwrapIfClosure(Object(Closure))
#11 /Applications/MAMP/htdocs/enot-24/archive/vendor/laravel/framework/src/Illuminate/Container/BoundMethod.php(35): Illuminate\\Container\\BoundMethod::callBoundMethod(Object(Illuminate\\Foundation\\Application), Array, Object(Closure))
#12 /Applications/MAMP/htdocs/enot-24/archive/vendor/laravel/framework/src/Illuminate/Container/Container.php(653): Illuminate\\Container\\BoundMethod::call(Object(Illuminate\\Foundation\\Application), Array, Array, NULL)
#13 /Applications/MAMP/htdocs/enot-24/archive/vendor/laravel/framework/src/Illuminate/Console/Command.php(136): Illuminate\\Container\\Container->call(Array)
#14 /Applications/MAMP/htdocs/enot-24/archive/vendor/symfony/console/Command/Command.php(298): Illuminate\\Console\\Command->execute(Object(Symfony\\Component\\Console\\Input\\ArgvInput), Object(Illuminate\\Console\\OutputStyle))
#15 /Applications/MAMP/htdocs/enot-24/archive/vendor/laravel/framework/src/Illuminate/Console/Command.php(120): Symfony\\Component\\Console\\Command\\Command->run(Object(Symfony\\Component\\Console\\Input\\ArgvInput), Object(Illuminate\\Console\\OutputStyle))
#16 /Applications/MAMP/htdocs/enot-24/archive/vendor/symfony/console/Application.php(1040): Illuminate\\Console\\Command->run(Object(Symfony\\Component\\Console\\Input\\ArgvInput), Object(Symfony\\Component\\Console\\Output\\ConsoleOutput))
#17 /Applications/MAMP/htdocs/enot-24/archive/vendor/symfony/console/Application.php(301): Symfony\\Component\\Console\\Application->doRunCommand(Object(Illuminate\\Foundation\\Console\\VendorPublishCommand), Object(Symfony\\Component\\Console\\Input\\ArgvInput), Object(Symfony\\Component\\Console\\Output\\ConsoleOutput))
#18 /Applications/MAMP/htdocs/enot-24/archive/vendor/symfony/console/Application.php(171): Symfony\\Component\\Console\\Application->doRun(Object(Symfony\\Component\\Console\\Input\\ArgvInput), Object(Symfony\\Component\\Console\\Output\\ConsoleOutput))
#19 /Applications/MAMP/htdocs/enot-24/archive/vendor/laravel/framework/src/Illuminate/Console/Application.php(94): Symfony\\Component\\Console\\Application->run(Object(Symfony\\Component\\Console\\Input\\ArgvInput), Object(Symfony\\Component\\Console\\Output\\ConsoleOutput))
#20 /Applications/MAMP/htdocs/enot-24/archive/vendor/laravel/framework/src/Illuminate/Foundation/Console/Kernel.php(129): Illuminate\\Console\\Application->run(Object(Symfony\\Component\\Console\\Input\\ArgvInput), Object(Symfony\\Component\\Console\\Output\\ConsoleOutput))
#21 /Applications/MAMP/htdocs/enot-24/archive/artisan(35): Illuminate\\Foundation\\Console\\Kernel->handle(Object(Symfony\\Component\\Console\\Input\\ArgvInput), Object(Symfony\\Component\\Console\\Output\\ConsoleOutput))
#22 {main}
"} 
[2026-03-21 03:33:37] local.ERROR: SQLSTATE[42S02]: Base table or view not found: 1146 Table 'enot24_2026db.blog_posts' doesn't exist (SQL: select count(*) as aggregate from `blog_posts`) (View: /Applications/MAMP/htdocs/enot-24/archive/vendor/filament/tables/resources/views/index.blade.php) {"view":{"view":"/Applications/MAMP/htdocs/enot-24/archive/vendor/laravel/framework/src/Illuminate/Database/Connection.php","data":[]},"userId":7,"exception":"[object] (Facade\\Ignition\\Exceptions\\ViewException(code: 0): SQLSTATE[42S02]: Base table or view not found: 1146 Table 'enot24_2026db.blog_posts' doesn't exist (SQL: select count(*) as aggregate from `blog_posts`) (View: /Applications/MAMP/htdocs/enot-24/archive/vendor/filament/tables/resources/views/index.blade.php) at /Applications/MAMP/htdocs/enot-24/archive/vendor/laravel/framework/src/Illuminate/Database/Connection.php:712)
[stacktrace]
#0 /Applications/MAMP/htdocs/enot-24/archive/vendor/laravel/framework/src/Illuminate/Database/Connection.php(672): Illuminate\\Database\\Connection->runQueryCallback('select count(*)...', Array, Object(Closure))
#1 /Applications/MAMP/htdocs/enot-24/archive/vendor/laravel/framework/src/Illuminate/Database/Connection.php(359): Illuminate\\Database\\Connection->run('select count(*)...', Array, Object(Closure))
#2 /Applications/MAMP/htdocs/enot-24/archive/vendor/laravel/framework/src/Illuminate/Database/Query/Builder.php(2413): Illuminate\\Database\\Connection->select('select count(*)...', Array, true)
#3 /Applications/MAMP/htdocs/enot-24/archive/vendor/laravel/framework/src/Illuminate/Database/Query/Builder.php(2402): Illuminate\\Database\\Query\\Builder->runSelect()
#4 /Applications/MAMP/htdocs/enot-24/archive/vendor/laravel/framework/src/Illuminate/Database/Query/Builder.php(2936): Illuminate\\Database\\Query\\Builder->Illuminate\\Database\\Query\\{closure}()
#5 /Applications/MAMP/htdocs/enot-24/archive/vendor/laravel/framework/src/Illuminate/Database/Query/Builder.php(2401): Illuminate\\Database\\Query\\Builder->onceWithColumns(Array, Object(Closure))
#6 /Applications/MAMP/htdocs/enot-24/archive/vendor/laravel/framework/src/Illuminate/Database/Query/Builder.php(2550): Illuminate\\Database\\Query\\Builder->get()
#7 /Applications/MAMP/htdocs/enot-24/archive/vendor/laravel/framework/src/Illuminate/Database/Query/Builder.php(2509): Illuminate\\Database\\Query\\Builder->runPaginationCountQuery(Array)
#8 /Applications/MAMP/htdocs/enot-24/archive/vendor/laravel/framework/src/Illuminate/Database/Eloquent/Builder.php(808): Illuminate\\Database\\Query\\Builder->getCountForPagination()
#9 /Applications/MAMP/htdocs/enot-24/archive/vendor/filament/tables/src/Concerns/CanPaginateRecords.php(32): Illuminate\\Database\\Eloquent\\Builder->paginate(10, Array, 'page')
#10 /Applications/MAMP/htdocs/enot-24/archive/vendor/filament/tables/src/Concerns/HasRecords.php(69): Filament\\Resources\\Pages\\ListRecords->paginateTableQuery(Object(Illuminate\\Database\\Eloquent\\Builder))
#11 /Applications/MAMP/htdocs/enot-24/archive/vendor/filament/tables/src/Table.php(289): Filament\\Resources\\Pages\\ListRecords->getTableRecords()
#12 /Applications/MAMP/htdocs/enot-24/archive/storage/framework/views/50264d5d22879bb7209a90727a323f96943f31d1.php(35): Filament\\Tables\\Table->getRecords()
#13 /Applications/MAMP/htdocs/enot-24/archive/vendor/livewire/livewire/src/ComponentConcerns/RendersLivewireComponents.php(83): include('/Applications/M...')
#14 /Applications/MAMP/htdocs/enot-24/archive/vendor/livewire/livewire/src/ComponentConcerns/RendersLivewireComponents.php(84): App\\Filament\\Resources\\BlogPostResource\\Pages\\ListBlogPosts->Livewire\\ComponentConcerns\\{closure}()
#15 /Applications/MAMP/htdocs/enot-24/archive/vendor/livewire/livewire/src/ComponentConcerns/RendersLivewireComponents.php(59): Livewire\\CompilerEngineForIgnition->evaluatePath('/Applications/M...', Array)
#16 /Applications/MAMP/htdocs/enot-24/archive/vendor/laravel/framework/src/Illuminate/View/View.php(139): Livewire\\CompilerEngineForIgnition->get('/Applications/M...', Array)
#17 /Applications/MAMP/htdocs/enot-24/archive/vendor/laravel/framework/src/Illuminate/View/View.php(122): Illuminate\\View\\View->getContents()
#18 /Applications/MAMP/htdocs/enot-24/archive/vendor/laravel/framework/src/Illuminate/View/View.php(91): Illuminate\\View\\View->renderContents()
#19 /Applications/MAMP/htdocs/enot-24/archive/vendor/filament/support/src/Components/ViewComponent.php(104): Illuminate\\View\\View->render()
#20 /Applications/MAMP/htdocs/enot-24/archive/vendor/laravel/framework/src/Illuminate/Support/helpers.php(115): Filament\\Support\\Components\\ViewComponent->toHtml()
#21 /Applications/MAMP/htdocs/enot-24/archive/storage/framework/views/5c6e8f3fb51d25ed8ba906a63fbf8e1f77524fcb.php(13): e(Object(Filament\\Tables\\Table))
#22 /Applications/MAMP/htdocs/enot-24/archive/vendor/livewire/livewire/src/ComponentConcerns/RendersLivewireComponents.php(83): include('/Applications/M...')
#23 /Applications/MAMP/htdocs/enot-24/archive/vendor/livewire/livewire/src/ComponentConcerns/RendersLivewireComponents.php(84): App\\Filament\\Resources\\BlogPostResource\\Pages\\ListBlogPosts->Livewire\\ComponentConcerns\\{closure}()
#24 /Applications/MAMP/htdocs/enot-24/archive/vendor/livewire/livewire/src/ComponentConcerns/RendersLivewireComponents.php(59): Livewire\\CompilerEngineForIgnition->evaluatePath('/Applications/M...', Array)
#25 /Applications/MAMP/htdocs/enot-24/archive/vendor/laravel/framework/src/Illuminate/View/View.php(139): Livewire\\CompilerEngineForIgnition->get('/Applications/M...', Array)
#26 /Applications/MAMP/htdocs/enot-24/archive/vendor/laravel/framework/src/Illuminate/View/View.php(122): Illuminate\\View\\View->getContents()
#27 /Applications/MAMP/htdocs/enot-24/archive/vendor/laravel/framework/src/Illuminate/View/View.php(91): Illuminate\\View\\View->renderContents()
#28 /Applications/MAMP/htdocs/enot-24/archive/vendor/livewire/livewire/src/Component.php(235): Illuminate\\View\\View->render()
#29 /Applications/MAMP/htdocs/enot-24/archive/vendor/livewire/livewire/src/HydrationMiddleware/RenderView.php(14): Livewire\\Component->output()
#30 /Applications/MAMP/htdocs/enot-24/archive/vendor/livewire/livewire/src/LifecycleManager.php(141): Livewire\\HydrationMiddleware\\RenderView::dehydrate(Object(App\\Filament\\Resources\\BlogPostResource\\Pages\\ListBlogPosts), Object(Livewire\\Response))
#31 /Applications/MAMP/htdocs/enot-24/archive/vendor/livewire/livewire/src/Macros/livewire-view-component.blade.php(3): Livewire\\LifecycleManager->initialDehydrate()
#32 /Applications/MAMP/htdocs/enot-24/archive/vendor/laravel/framework/src/Illuminate/Filesystem/Filesystem.php(107): require('/Applications/M...')
#33 /Applications/MAMP/htdocs/enot-24/archive/vendor/laravel/framework/src/Illuminate/Filesystem/Filesystem.php(108): Illuminate\\Filesystem\\Filesystem::Illuminate\\Filesystem\\{closure}()
#34 /Applications/MAMP/htdocs/enot-24/archive/vendor/laravel/framework/src/Illuminate/View/Engines/PhpEngine.php(58): Illuminate\\Filesystem\\Filesystem->getRequire('/Applications/M...', Array)
#35 /Applications/MAMP/htdocs/enot-24/archive/vendor/livewire/livewire/src/ComponentConcerns/RendersLivewireComponents.php(69): Illuminate\\View\\Engines\\PhpEngine->evaluatePath('/Applications/M...', Array)
#36 /Applications/MAMP/htdocs/enot-24/archive/vendor/laravel/framework/src/Illuminate/View/Engines/CompilerEngine.php(61): Livewire\\CompilerEngineForIgnition->evaluatePath('/Applications/M...', Array)
#37 /Applications/MAMP/htdocs/enot-24/archive/vendor/facade/ignition/src/Views/Engines/CompilerEngine.php(37): Illuminate\\View\\Engines\\CompilerEngine->get('/Applications/M...', Array)
#38 /Applications/MAMP/htdocs/enot-24/archive/vendor/livewire/livewire/src/ComponentConcerns/RendersLivewireComponents.php(35): Facade\\Ignition\\Views\\Engines\\CompilerEngine->get('/Applications/M...', Array)
#39 /Applications/MAMP/htdocs/enot-24/archive/vendor/laravel/framework/src/Illuminate/View/View.php(139): Livewire\\CompilerEngineForIgnition->get('/Applications/M...', Array)
#40 /Applications/MAMP/htdocs/enot-24/archive/vendor/laravel/framework/src/Illuminate/View/View.php(122): Illuminate\\View\\View->getContents()
#41 /Applications/MAMP/htdocs/enot-24/archive/vendor/laravel/framework/src/Illuminate/View/View.php(91): Illuminate\\View\\View->renderContents()
#42 /Applications/MAMP/htdocs/enot-24/archive/vendor/laravel/framework/src/Illuminate/Http/Response.php(69): Illuminate\\View\\View->render()
#43 /Applications/MAMP/htdocs/enot-24/archive/vendor/laravel/framework/src/Illuminate/Http/Response.php(35): Illuminate\\Http\\Response->setContent(Object(Illuminate\\View\\View))
#44 /Applications/MAMP/htdocs/enot-24/archive/vendor/laravel/framework/src/Illuminate/Routing/Router.php(820): Illuminate\\Http\\Response->__construct(Object(Illuminate\\View\\View), 200, Array)
#45 /Applications/MAMP/htdocs/enot-24/archive/vendor/laravel/framework/src/Illuminate/Routing/Router.php(789): Illuminate\\Routing\\Router::toResponse(Object(Illuminate\\Http\\Request), Object(Illuminate\\View\\View))
#46 /Applications/MAMP/htdocs/enot-24/archive/vendor/laravel/framework/src/Illuminate/Routing/Router.php(720): Illuminate\\Routing\\Router->prepareResponse(Object(Illuminate\\Http\\Request), Object(Illuminate\\View\\View))
#47 /Applications/MAMP/htdocs/enot-24/archive/vendor/laravel/framework/src/Illuminate/Pipeline/Pipeline.php(128): Illuminate\\Routing\\Router->Illuminate\\Routing\\{closure}(Object(Illuminate\\Http\\Request))
#48 /Applications/MAMP/htdocs/enot-24/archive/vendor/filament/filament/src/Http/Middleware/MirrorConfigToSubpackages.php(30): Illuminate\\Pipeline\\Pipeline->Illuminate\\Pipeline\\{closure}(Object(Illuminate\\Http\\Request))
#49 /Applications/MAMP/htdocs/enot-24/archive/vendor/laravel/framework/src/Illuminate/Pipeline/Pipeline.php(167): Filament\\Http\\Middleware\\MirrorConfigToSubpackages->handle(Object(Illuminate\\Http\\Request), Object(Closure))
#50 /Applications/MAMP/htdocs/enot-24/archive/vendor/filament/filament/src/Http/Middleware/DispatchServingFilamentEvent.php(15): Illuminate\\Pipeline\\Pipeline->Illuminate\\Pipeline\\{closure}(Object(Illuminate\\Http\\Request))
#51 /Applications/MAMP/htdocs/enot-24/archive/vendor/laravel/framework/src/Illuminate/Pipeline/Pipeline.php(167): Filament\\Http\\Middleware\\DispatchServingFilamentEvent->handle(Object(Illuminate\\Http\\Request), Object(Closure))
#52 /Applications/MAMP/htdocs/enot-24/archive/vendor/laravel/framework/src/Illuminate/Routing/Middleware/SubstituteBindings.php(50): Illuminate\\Pipeline\\Pipeline->Illuminate\\Pipeline\\{closure}(Object(Illuminate\\Http\\Request))
#53 /Applications/MAMP/htdocs/enot-24/archive/vendor/laravel/framework/src/Illuminate/Pipeline/Pipeline.php(167): Illuminate\\Routing\\Middleware\\SubstituteBindings->handle(Object(Illuminate\\Http\\Request), Object(Closure))
#54 /Applications/MAMP/htdocs/enot-24/archive/vendor/laravel/framework/src/Illuminate/Foundation/Http/Middleware/VerifyCsrfToken.php(78): Illuminate\\Pipeline\\Pipeline->Illuminate\\Pipeline\\{closure}(Object(Illuminate\\Http\\Request))
#55 /Applications/MAMP/htdocs/enot-24/archive/vendor/laravel/framework/src/Illuminate/Pipeline/Pipeline.php(167): Illuminate\\Foundation\\Http\\Middleware\\VerifyCsrfToken->handle(Object(Illuminate\\Http\\Request), Object(Closure))
#56 /Applications/MAMP/htdocs/enot-24/archive/vendor/laravel/framework/src/Illuminate/Session/Middleware/AuthenticateSession.php(58): Illuminate\\Pipeline\\Pipeline->Illuminate\\Pipeline\\{closure}(Object(Illuminate\\Http\\Request))
#57 /Applications/MAMP/htdocs/enot-24/archive/vendor/laravel/framework/src/Illuminate/Pipeline/Pipeline.php(167): Illuminate\\Session\\Middleware\\AuthenticateSession->handle(Object(Illuminate\\Http\\Request), Object(Closure))
#58 /Applications/MAMP/htdocs/enot-24/archive/vendor/laravel/framework/src/Illuminate/Auth/Middleware/Authenticate.php(44): Illuminate\\Pipeline\\Pipeline->Illuminate\\Pipeline\\{closure}(Object(Illuminate\\Http\\Request))
#59 /Applications/MAMP/htdocs/enot-24/archive/vendor/laravel/framework/src/Illuminate/Pipeline/Pipeline.php(167): Illuminate\\Auth\\Middleware\\Authenticate->handle(Object(Illuminate\\Http\\Request), Object(Closure))
#60 /Applications/MAMP/htdocs/enot-24/archive/vendor/laravel/framework/src/Illuminate/View/Middleware/ShareErrorsFromSession.php(49): Illuminate\\Pipeline\\Pipeline->Illuminate\\Pipeline\\{closure}(Object(Illuminate\\Http\\Request))
#61 /Applications/MAMP/htdocs/enot-24/archive/vendor/laravel/framework/src/Illuminate/Pipeline/Pipeline.php(167): Illuminate\\View\\Middleware\\ShareErrorsFromSession->handle(Object(Illuminate\\Http\\Request), Object(Closure))
#62 /Applications/MAMP/htdocs/enot-24/archive/vendor/laravel/framework/src/Illuminate/Session/Middleware/StartSession.php(121): Illuminate\\Pipeline\\Pipeline->Illuminate\\Pipeline\\{closure}(Object(Illuminate\\Http\\Request))
#63 /Applications/MAMP/htdocs/enot-24/archive/vendor/laravel/framework/src/Illuminate/Session/Middleware/StartSession.php(64): Illuminate\\Session\\Middleware\\StartSession->handleStatefulRequest(Object(Illuminate\\Http\\Request), Object(Illuminate\\Session\\Store), Object(Closure))
#64 /Applications/MAMP/htdocs/enot-24/archive/vendor/laravel/framework/src/Illuminate/Pipeline/Pipeline.php(167): Illuminate\\Session\\Middleware\\StartSession->handle(Object(Illuminate\\Http\\Request), Object(Closure))
#65 /Applications/MAMP/htdocs/enot-24/archive/vendor/laravel/framework/src/Illuminate/Cookie/Middleware/AddQueuedCookiesToResponse.php(37): Illuminate\\Pipeline\\Pipeline->Illuminate\\Pipeline\\{closure}(Object(Illuminate\\Http\\Request))
#66 /Applications/MAMP/htdocs/enot-24/archive/vendor/laravel/framework/src/Illuminate/Pipeline/Pipeline.php(167): Illuminate\\Cookie\\Middleware\\AddQueuedCookiesToResponse->handle(Object(Illuminate\\Http\\Request), Object(Closure))
#67 /Applications/MAMP/htdocs/enot-24/archive/vendor/laravel/framework/src/Illuminate/Cookie/Middleware/EncryptCookies.php(67): Illuminate\\Pipeline\\Pipeline->Illuminate\\Pipeline\\{closure}(Object(Illuminate\\Http\\Request))
#68 /Applications/MAMP/htdocs/enot-24/archive/vendor/laravel/framework/src/Illuminate/Pipeline/Pipeline.php(167): Illuminate\\Cookie\\Middleware\\EncryptCookies->handle(Object(Illuminate\\Http\\Request), Object(Closure))
#69 /Applications/MAMP/htdocs/enot-24/archive/vendor/laravel/framework/src/Illuminate/Pipeline/Pipeline.php(103): Illuminate\\Pipeline\\Pipeline->Illuminate\\Pipeline\\{closure}(Object(Illuminate\\Http\\Request))
#70 /Applications/MAMP/htdocs/enot-24/archive/vendor/laravel/framework/src/Illuminate/Routing/Router.php(719): Illuminate\\Pipeline\\Pipeline->then(Object(Closure))
#71 /Applications/MAMP/htdocs/enot-24/archive/vendor/laravel/framework/src/Illuminate/Routing/Router.php(698): Illuminate\\Routing\\Router->runRouteWithinStack(Object(Illuminate\\Routing\\Route), Object(Illuminate\\Http\\Request))
#72 /Applications/MAMP/htdocs/enot-24/archive/vendor/laravel/framework/src/Illuminate/Routing/Router.php(662): Illuminate\\Routing\\Router->runRoute(Object(Illuminate\\Http\\Request), Object(Illuminate\\Routing\\Route))
#73 /Applications/MAMP/htdocs/enot-24/archive/vendor/laravel/framework/src/Illuminate/Routing/Router.php(651): Illuminate\\Routing\\Router->dispatchToRoute(Object(Illuminate\\Http\\Request))
#74 /Applications/MAMP/htdocs/enot-24/archive/vendor/laravel/framework/src/Illuminate/Foundation/Http/Kernel.php(167): Illuminate\\Routing\\Router->dispatch(Object(Illuminate\\Http\\Request))
#75 /Applications/MAMP/htdocs/enot-24/archive/vendor/laravel/framework/src/Illuminate/Pipeline/Pipeline.php(128): Illuminate\\Foundation\\Http\\Kernel->Illuminate\\Foundation\\Http\\{closure}(Object(Illuminate\\Http\\Request))
#76 /Applications/MAMP/htdocs/enot-24/archive/vendor/livewire/livewire/src/DisableBrowserCache.php(19): Illuminate\\Pipeline\\Pipeline->Illuminate\\Pipeline\\{closure}(Object(Illuminate\\Http\\Request))
#77 /Applications/MAMP/htdocs/enot-24/archive/vendor/laravel/framework/src/Illuminate/Pipeline/Pipeline.php(167): Livewire\\DisableBrowserCache->handle(Object(Illuminate\\Http\\Request), Object(Closure))
#78 /Applications/MAMP/htdocs/enot-24/archive/vendor/laravel/framework/src/Illuminate/Foundation/Http/Middleware/TransformsRequest.php(21): Illuminate\\Pipeline\\Pipeline->Illuminate\\Pipeline\\{closure}(Object(Illuminate\\Http\\Request))
#79 /Applications/MAMP/htdocs/enot-24/archive/vendor/laravel/framework/src/Illuminate/Foundation/Http/Middleware/ConvertEmptyStringsToNull.php(31): Illuminate\\Foundation\\Http\\Middleware\\TransformsRequest->handle(Object(Illuminate\\Http\\Request), Object(Closure))
#80 /Applications/MAMP/htdocs/enot-24/archive/vendor/laravel/framework/src/Illuminate/Pipeline/Pipeline.php(167): Illuminate\\Foundation\\Http\\Middleware\\ConvertEmptyStringsToNull->handle(Object(Illuminate\\Http\\Request), Object(Closure))
#81 /Applications/MAMP/htdocs/enot-24/archive/vendor/laravel/framework/src/Illuminate/Foundation/Http/Middleware/TransformsRequest.php(21): Illuminate\\Pipeline\\Pipeline->Illuminate\\Pipeline\\{closure}(Object(Illuminate\\Http\\Request))
#82 /Applications/MAMP/htdocs/enot-24/archive/vendor/laravel/framework/src/Illuminate/Foundation/Http/Middleware/TrimStrings.php(40): Illuminate\\Foundation\\Http\\Middleware\\TransformsRequest->handle(Object(Illuminate\\Http\\Request), Object(Closure))
#83 /Applications/MAMP/htdocs/enot-24/archive/vendor/laravel/framework/src/Illuminate/Pipeline/Pipeline.php(167): Illuminate\\Foundation\\Http\\Middleware\\TrimStrings->handle(Object(Illuminate\\Http\\Request), Object(Closure))
#84 /Applications/MAMP/htdocs/enot-24/archive/vendor/laravel/framework/src/Illuminate/Foundation/Http/Middleware/ValidatePostSize.php(27): Illuminate\\Pipeline\\Pipeline->Illuminate\\Pipeline\\{closure}(Object(Illuminate\\Http\\Request))
#85 /Applications/MAMP/htdocs/enot-24/archive/vendor/laravel/framework/src/Illuminate/Pipeline/Pipeline.php(167): Illuminate\\Foundation\\Http\\Middleware\\ValidatePostSize->handle(Object(Illuminate\\Http\\Request), Object(Closure))
#86 /Applications/MAMP/htdocs/enot-24/archive/vendor/laravel/framework/src/Illuminate/Foundation/Http/Middleware/PreventRequestsDuringMaintenance.php(86): Illuminate\\Pipeline\\Pipeline->Illuminate\\Pipeline\\{closure}(Object(Illuminate\\Http\\Request))
#87 /Applications/MAMP/htdocs/enot-24/archive/vendor/laravel/framework/src/Illuminate/Pipeline/Pipeline.php(167): Illuminate\\Foundation\\Http\\Middleware\\PreventRequestsDuringMaintenance->handle(Object(Illuminate\\Http\\Request), Object(Closure))
#88 /Applications/MAMP/htdocs/enot-24/archive/vendor/fruitcake/laravel-cors/src/HandleCors.php(38): Illuminate\\Pipeline\\Pipeline->Illuminate\\Pipeline\\{closure}(Object(Illuminate\\Http\\Request))
#89 /Applications/MAMP/htdocs/enot-24/archive/vendor/laravel/framework/src/Illuminate/Pipeline/Pipeline.php(167): Fruitcake\\Cors\\HandleCors->handle(Object(Illuminate\\Http\\Request), Object(Closure))
#90 /Applications/MAMP/htdocs/enot-24/archive/vendor/laravel/framework/src/Illuminate/Http/Middleware/TrustProxies.php(39): Illuminate\\Pipeline\\Pipeline->Illuminate\\Pipeline\\{closure}(Object(Illuminate\\Http\\Request))
#91 /Applications/MAMP/htdocs/enot-24/archive/vendor/laravel/framework/src/Illuminate/Pipeline/Pipeline.php(167): Illuminate\\Http\\Middleware\\TrustProxies->handle(Object(Illuminate\\Http\\Request), Object(Closure))
#92 /Applications/MAMP/htdocs/enot-24/archive/vendor/laravel/framework/src/Illuminate/Pipeline/Pipeline.php(103): Illuminate\\Pipeline\\Pipeline->Illuminate\\Pipeline\\{closure}(Object(Illuminate\\Http\\Request))
#93 /Applications/MAMP/htdocs/enot-24/archive/vendor/laravel/framework/src/Illuminate/Foundation/Http/Kernel.php(142): Illuminate\\Pipeline\\Pipeline->then(Object(Closure))
#94 /Applications/MAMP/htdocs/enot-24/archive/vendor/laravel/framework/src/Illuminate/Foundation/Http/Kernel.php(111): Illuminate\\Foundation\\Http\\Kernel->sendRequestThroughRouter(Object(Illuminate\\Http\\Request))
#95 /Applications/MAMP/htdocs/enot-24/archive/public/index.php(51): Illuminate\\Foundation\\Http\\Kernel->handle(Object(Illuminate\\Http\\Request))
#96 /Applications/MAMP/htdocs/enot-24/archive/server.php(21): require_once('/Applications/M...')
#97 {main}

[previous exception] [object] (Illuminate\\Database\\QueryException(code: 42S02): SQLSTATE[42S02]: Base table or view not found: 1146 Table 'enot24_2026db.blog_posts' doesn't exist (SQL: select count(*) as aggregate from `blog_posts`) at /Applications/MAMP/htdocs/enot-24/archive/vendor/laravel/framework/src/Illuminate/Database/Connection.php:712)
[stacktrace]
#0 /Applications/MAMP/htdocs/enot-24/archive/vendor/laravel/framework/src/Illuminate/Database/Connection.php(672): Illuminate\\Database\\Connection->runQueryCallback('select count(*)...', Array, Object(Closure))
#1 /Applications/MAMP/htdocs/enot-24/archive/vendor/laravel/framework/src/Illuminate/Database/Connection.php(359): Illuminate\\Database\\Connection->run('select count(*)...', Array, Object(Closure))
#2 /Applications/MAMP/htdocs/enot-24/archive/vendor/laravel/framework/src/Illuminate/Database/Query/Builder.php(2413): Illuminate\\Database\\Connection->select('select count(*)...', Array, true)
#3 /Applications/MAMP/htdocs/enot-24/archive/vendor/laravel/framework/src/Illuminate/Database/Query/Builder.php(2402): Illuminate\\Database\\Query\\Builder->runSelect()
#4 /Applications/MAMP/htdocs/enot-24/archive/vendor/laravel/framework/src/Illuminate/Database/Query/Builder.php(2936): Illuminate\\Database\\Query\\Builder->Illuminate\\Database\\Query\\{closure}()
#5 /Applications/MAMP/htdocs/enot-24/archive/vendor/laravel/framework/src/Illuminate/Database/Query/Builder.php(2401): Illuminate\\Database\\Query\\Builder->onceWithColumns(Array, Object(Closure))
#6 /Applications/MAMP/htdocs/enot-24/archive/vendor/laravel/framework/src/Illuminate/Database/Query/Builder.php(2550): Illuminate\\Database\\Query\\Builder->get()
#7 /Applications/MAMP/htdocs/enot-24/archive/vendor/laravel/framework/src/Illuminate/Database/Query/Builder.php(2509): Illuminate\\Database\\Query\\Builder->runPaginationCountQuery(Array)
#8 /Applications/MAMP/htdocs/enot-24/archive/vendor/laravel/framework/src/Illuminate/Database/Eloquent/Builder.php(808): Illuminate\\Database\\Query\\Builder->getCountForPagination()
#9 /Applications/MAMP/htdocs/enot-24/archive/vendor/filament/tables/src/Concerns/CanPaginateRecords.php(32): Illuminate\\Database\\Eloquent\\Builder->paginate(10, Array, 'page')
#10 /Applications/MAMP/htdocs/enot-24/archive/vendor/filament/tables/src/Concerns/HasRecords.php(69): Filament\\Resources\\Pages\\ListRecords->paginateTableQuery(Object(Illuminate\\Database\\Eloquent\\Builder))
#11 /Applications/MAMP/htdocs/enot-24/archive/vendor/filament/tables/src/Table.php(289): Filament\\Resources\\Pages\\ListRecords->getTableRecords()
#12 /Applications/MAMP/htdocs/enot-24/archive/storage/framework/views/50264d5d22879bb7209a90727a323f96943f31d1.php(35): Filament\\Tables\\Table->getRecords()
#13 /Applications/MAMP/htdocs/enot-24/archive/vendor/livewire/livewire/src/ComponentConcerns/RendersLivewireComponents.php(83): include('/Applications/M...')
#14 /Applications/MAMP/htdocs/enot-24/archive/vendor/livewire/livewire/src/ComponentConcerns/RendersLivewireComponents.php(84): App\\Filament\\Resources\\BlogPostResource\\Pages\\ListBlogPosts->Livewire\\ComponentConcerns\\{closure}()
#15 /Applications/MAMP/htdocs/enot-24/archive/vendor/livewire/livewire/src/ComponentConcerns/RendersLivewireComponents.php(59): Livewire\\CompilerEngineForIgnition->evaluatePath('/Applications/M...', Array)
#16 /Applications/MAMP/htdocs/enot-24/archive/vendor/laravel/framework/src/Illuminate/View/View.php(139): Livewire\\CompilerEngineForIgnition->get('/Applications/M...', Array)
#17 /Applications/MAMP/htdocs/enot-24/archive/vendor/laravel/framework/src/Illuminate/View/View.php(122): Illuminate\\View\\View->getContents()
#18 /Applications/MAMP/htdocs/enot-24/archive/vendor/laravel/framework/src/Illuminate/View/View.php(91): Illuminate\\View\\View->renderContents()
#19 /Applications/MAMP/htdocs/enot-24/archive/vendor/filament/support/src/Components/ViewComponent.php(104): Illuminate\\View\\View->render()
#20 /Applications/MAMP/htdocs/enot-24/archive/vendor/laravel/framework/src/Illuminate/Support/helpers.php(115): Filament\\Support\\Components\\ViewComponent->toHtml()
#21 /Applications/MAMP/htdocs/enot-24/archive/storage/framework/views/5c6e8f3fb51d25ed8ba906a63fbf8e1f77524fcb.php(13): e(Object(Filament\\Tables\\Table))
#22 /Applications/MAMP/htdocs/enot-24/archive/vendor/livewire/livewire/src/ComponentConcerns/RendersLivewireComponents.php(83): include('/Applications/M...')
#23 /Applications/MAMP/htdocs/enot-24/archive/vendor/livewire/livewire/src/ComponentConcerns/RendersLivewireComponents.php(84): App\\Filament\\Resources\\BlogPostResource\\Pages\\ListBlogPosts->Livewire\\ComponentConcerns\\{closure}()
#24 /Applications/MAMP/htdocs/enot-24/archive/vendor/livewire/livewire/src/ComponentConcerns/RendersLivewireComponents.php(59): Livewire\\CompilerEngineForIgnition->evaluatePath('/Applications/M...', Array)
#25 /Applications/MAMP/htdocs/enot-24/archive/vendor/laravel/framework/src/Illuminate/View/View.php(139): Livewire\\CompilerEngineForIgnition->get('/Applications/M...', Array)
#26 /Applications/MAMP/htdocs/enot-24/archive/vendor/laravel/framework/src/Illuminate/View/View.php(122): Illuminate\\View\\View->getContents()
#27 /Applications/MAMP/htdocs/enot-24/archive/vendor/laravel/framework/src/Illuminate/View/View.php(91): Illuminate\\View\\View->renderContents()
#28 /Applications/MAMP/htdocs/enot-24/archive/vendor/livewire/livewire/src/Component.php(235): Illuminate\\View\\View->render()
#29 /Applications/MAMP/htdocs/enot-24/archive/vendor/livewire/livewire/src/HydrationMiddleware/RenderView.php(14): Livewire\\Component->output()
#30 /Applications/MAMP/htdocs/enot-24/archive/vendor/livewire/livewire/src/LifecycleManager.php(141): Livewire\\HydrationMiddleware\\RenderView::dehydrate(Object(App\\Filament\\Resources\\BlogPostResource\\Pages\\ListBlogPosts), Object(Livewire\\Response))
#31 /Applications/MAMP/htdocs/enot-24/archive/storage/framework/views/dbfaecbfe30008adfc6afdb2e1de17f5f42b28bc.php(3): Livewire\\LifecycleManager->initialDehydrate()
#32 /Applications/MAMP/htdocs/enot-24/archive/vendor/laravel/framework/src/Illuminate/Filesystem/Filesystem.php(107): require('/Applications/M...')
#33 /Applications/MAMP/htdocs/enot-24/archive/vendor/laravel/framework/src/Illuminate/Filesystem/Filesystem.php(108): Illuminate\\Filesystem\\Filesystem::Illuminate\\Filesystem\\{closure}()
#34 /Applications/MAMP/htdocs/enot-24/archive/vendor/laravel/framework/src/Illuminate/View/Engines/PhpEngine.php(58): Illuminate\\Filesystem\\Filesystem->getRequire('/Applications/M...', Array)
#35 /Applications/MAMP/htdocs/enot-24/archive/vendor/livewire/livewire/src/ComponentConcerns/RendersLivewireComponents.php(69): Illuminate\\View\\Engines\\PhpEngine->evaluatePath('/Applications/M...', Array)
#36 /Applications/MAMP/htdocs/enot-24/archive/vendor/laravel/framework/src/Illuminate/View/Engines/CompilerEngine.php(61): Livewire\\CompilerEngineForIgnition->evaluatePath('/Applications/M...', Array)
#37 /Applications/MAMP/htdocs/enot-24/archive/vendor/facade/ignition/src/Views/Engines/CompilerEngine.php(37): Illuminate\\View\\Engines\\CompilerEngine->get('/Applications/M...', Array)
#38 /Applications/MAMP/htdocs/enot-24/archive/vendor/livewire/livewire/src/ComponentConcerns/RendersLivewireComponents.php(35): Facade\\Ignition\\Views\\Engines\\CompilerEngine->get('/Applications/M...', Array)
#39 /Applications/MAMP/htdocs/enot-24/archive/vendor/laravel/framework/src/Illuminate/View/View.php(139): Livewire\\CompilerEngineForIgnition->get('/Applications/M...', Array)
#40 /Applications/MAMP/htdocs/enot-24/archive/vendor/laravel/framework/src/Illuminate/View/View.php(122): Illuminate\\View\\View->getContents()
#41 /Applications/MAMP/htdocs/enot-24/archive/vendor/laravel/framework/src/Illuminate/View/View.php(91): Illuminate\\View\\View->renderContents()
#42 /Applications/MAMP/htdocs/enot-24/archive/vendor/laravel/framework/src/Illuminate/Http/Response.php(69): Illuminate\\View\\View->render()
#43 /Applications/MAMP/htdocs/enot-24/archive/vendor/laravel/framework/src/Illuminate/Http/Response.php(35): Illuminate\\Http\\Response->setContent(Object(Illuminate\\View\\View))
#44 /Applications/MAMP/htdocs/enot-24/archive/vendor/laravel/framework/src/Illuminate/Routing/Router.php(820): Illuminate\\Http\\Response->__construct(Object(Illuminate\\View\\View), 200, Array)
#45 /Applications/MAMP/htdocs/enot-24/archive/vendor/laravel/framework/src/Illuminate/Routing/Router.php(789): Illuminate\\Routing\\Router::toResponse(Object(Illuminate\\Http\\Request), Object(Illuminate\\View\\View))
#46 /Applications/MAMP/htdocs/enot-24/archive/vendor/laravel/framework/src/Illuminate/Routing/Router.php(720): Illuminate\\Routing\\Router->prepareResponse(Object(Illuminate\\Http\\Request), Object(Illuminate\\View\\View))
#47 /Applications/MAMP/htdocs/enot-24/archive/vendor/laravel/framework/src/Illuminate/Pipeline/Pipeline.php(128): Illuminate\\Routing\\Router->Illuminate\\Routing\\{closure}(Object(Illuminate\\Http\\Request))
#48 /Applications/MAMP/htdocs/enot-24/archive/vendor/filament/filament/src/Http/Middleware/MirrorConfigToSubpackages.php(30): Illuminate\\Pipeline\\Pipeline->Illuminate\\Pipeline\\{closure}(Object(Illuminate\\Http\\Request))
#49 /Applications/MAMP/htdocs/enot-24/archive/vendor/laravel/framework/src/Illuminate/Pipeline/Pipeline.php(167): Filament\\Http\\Middleware\\MirrorConfigToSubpackages->handle(Object(Illuminate\\Http\\Request), Object(Closure))
#50 /Applications/MAMP/htdocs/enot-24/archive/vendor/filament/filament/src/Http/Middleware/DispatchServingFilamentEvent.php(15): Illuminate\\Pipeline\\Pipeline->Illuminate\\Pipeline\\{closure}(Object(Illuminate\\Http\\Request))
#51 /Applications/MAMP/htdocs/enot-24/archive/vendor/laravel/framework/src/Illuminate/Pipeline/Pipeline.php(167): Filament\\Http\\Middleware\\DispatchServingFilamentEvent->handle(Object(Illuminate\\Http\\Request), Object(Closure))
#52 /Applications/MAMP/htdocs/enot-24/archive/vendor/laravel/framework/src/Illuminate/Routing/Middleware/SubstituteBindings.php(50): Illuminate\\Pipeline\\Pipeline->Illuminate\\Pipeline\\{closure}(Object(Illuminate\\Http\\Request))
#53 /Applications/MAMP/htdocs/enot-24/archive/vendor/laravel/framework/src/Illuminate/Pipeline/Pipeline.php(167): Illuminate\\Routing\\Middleware\\SubstituteBindings->handle(Object(Illuminate\\Http\\Request), Object(Closure))
#54 /Applications/MAMP/htdocs/enot-24/archive/vendor/laravel/framework/src/Illuminate/Foundation/Http/Middleware/VerifyCsrfToken.php(78): Illuminate\\Pipeline\\Pipeline->Illuminate\\Pipeline\\{closure}(Object(Illuminate\\Http\\Request))
#55 /Applications/MAMP/htdocs/enot-24/archive/vendor/laravel/framework/src/Illuminate/Pipeline/Pipeline.php(167): Illuminate\\Foundation\\Http\\Middleware\\VerifyCsrfToken->handle(Object(Illuminate\\Http\\Request), Object(Closure))
#56 /Applications/MAMP/htdocs/enot-24/archive/vendor/laravel/framework/src/Illuminate/Session/Middleware/AuthenticateSession.php(58): Illuminate\\Pipeline\\Pipeline->Illuminate\\Pipeline\\{closure}(Object(Illuminate\\Http\\Request))
#57 /Applications/MAMP/htdocs/enot-24/archive/vendor/laravel/framework/src/Illuminate/Pipeline/Pipeline.php(167): Illuminate\\Session\\Middleware\\AuthenticateSession->handle(Object(Illuminate\\Http\\Request), Object(Closure))
#58 /Applications/MAMP/htdocs/enot-24/archive/vendor/laravel/framework/src/Illuminate/Auth/Middleware/Authenticate.php(44): Illuminate\\Pipeline\\Pipeline->Illuminate\\Pipeline\\{closure}(Object(Illuminate\\Http\\Request))
#59 /Applications/MAMP/htdocs/enot-24/archive/vendor/laravel/framework/src/Illuminate/Pipeline/Pipeline.php(167): Illuminate\\Auth\\Middleware\\Authenticate->handle(Object(Illuminate\\Http\\Request), Object(Closure))
#60 /Applications/MAMP/htdocs/enot-24/archive/vendor/laravel/framework/src/Illuminate/View/Middleware/ShareErrorsFromSession.php(49): Illuminate\\Pipeline\\Pipeline->Illuminate\\Pipeline\\{closure}(Object(Illuminate\\Http\\Request))
#61 /Applications/MAMP/htdocs/enot-24/archive/vendor/laravel/framework/src/Illuminate/Pipeline/Pipeline.php(167): Illuminate\\View\\Middleware\\ShareErrorsFromSession->handle(Object(Illuminate\\Http\\Request), Object(Closure))
#62 /Applications/MAMP/htdocs/enot-24/archive/vendor/laravel/framework/src/Illuminate/Session/Middleware/StartSession.php(121): Illuminate\\Pipeline\\Pipeline->Illuminate\\Pipeline\\{closure}(Object(Illuminate\\Http\\Request))
#63 /Applications/MAMP/htdocs/enot-24/archive/vendor/laravel/framework/src/Illuminate/Session/Middleware/StartSession.php(64): Illuminate\\Session\\Middleware\\StartSession->handleStatefulRequest(Object(Illuminate\\Http\\Request), Object(Illuminate\\Session\\Store), Object(Closure))
#64 /Applications/MAMP/htdocs/enot-24/archive/vendor/laravel/framework/src/Illuminate/Pipeline/Pipeline.php(167): Illuminate\\Session\\Middleware\\StartSession->handle(Object(Illuminate\\Http\\Request), Object(Closure))
#65 /Applications/MAMP/htdocs/enot-24/archive/vendor/laravel/framework/src/Illuminate/Cookie/Middleware/AddQueuedCookiesToResponse.php(37): Illuminate\\Pipeline\\Pipeline->Illuminate\\Pipeline\\{closure}(Object(Illuminate\\Http\\Request))
#66 /Applications/MAMP/htdocs/enot-24/archive/vendor/laravel/framework/src/Illuminate/Pipeline/Pipeline.php(167): Illuminate\\Cookie\\Middleware\\AddQueuedCookiesToResponse->handle(Object(Illuminate\\Http\\Request), Object(Closure))
#67 /Applications/MAMP/htdocs/enot-24/archive/vendor/laravel/framework/src/Illuminate/Cookie/Middleware/EncryptCookies.php(67): Illuminate\\Pipeline\\Pipeline->Illuminate\\Pipeline\\{closure}(Object(Illuminate\\Http\\Request))
#68 /Applications/MAMP/htdocs/enot-24/archive/vendor/laravel/framework/src/Illuminate/Pipeline/Pipeline.php(167): Illuminate\\Cookie\\Middleware\\EncryptCookies->handle(Object(Illuminate\\Http\\Request), Object(Closure))
#69 /Applications/MAMP/htdocs/enot-24/archive/vendor/laravel/framework/src/Illuminate/Pipeline/Pipeline.php(103): Illuminate\\Pipeline\\Pipeline->Illuminate\\Pipeline\\{closure}(Object(Illuminate\\Http\\Request))
#70 /Applications/MAMP/htdocs/enot-24/archive/vendor/laravel/framework/src/Illuminate/Routing/Router.php(719): Illuminate\\Pipeline\\Pipeline->then(Object(Closure))
#71 /Applications/MAMP/htdocs/enot-24/archive/vendor/laravel/framework/src/Illuminate/Routing/Router.php(698): Illuminate\\Routing\\Router->runRouteWithinStack(Object(Illuminate\\Routing\\Route), Object(Illuminate\\Http\\Request))
#72 /Applications/MAMP/htdocs/enot-24/archive/vendor/laravel/framework/src/Illuminate/Routing/Router.php(662): Illuminate\\Routing\\Router->runRoute(Object(Illuminate\\Http\\Request), Object(Illuminate\\Routing\\Route))
#73 /Applications/MAMP/htdocs/enot-24/archive/vendor/laravel/framework/src/Illuminate/Routing/Router.php(651): Illuminate\\Routing\\Router->dispatchToRoute(Object(Illuminate\\Http\\Request))
#74 /Applications/MAMP/htdocs/enot-24/archive/vendor/laravel/framework/src/Illuminate/Foundation/Http/Kernel.php(167): Illuminate\\Routing\\Router->dispatch(Object(Illuminate\\Http\\Request))
#75 /Applications/MAMP/htdocs/enot-24/archive/vendor/laravel/framework/src/Illuminate/Pipeline/Pipeline.php(128): Illuminate\\Foundation\\Http\\Kernel->Illuminate\\Foundation\\Http\\{closure}(Object(Illuminate\\Http\\Request))
#76 /Applications/MAMP/htdocs/enot-24/archive/vendor/livewire/livewire/src/DisableBrowserCache.php(19): Illuminate\\Pipeline\\Pipeline->Illuminate\\Pipeline\\{closure}(Object(Illuminate\\Http\\Request))
#77 /Applications/MAMP/htdocs/enot-24/archive/vendor/laravel/framework/src/Illuminate/Pipeline/Pipeline.php(167): Livewire\\DisableBrowserCache->handle(Object(Illuminate\\Http\\Request), Object(Closure))
#78 /Applications/MAMP/htdocs/enot-24/archive/vendor/laravel/framework/src/Illuminate/Foundation/Http/Middleware/TransformsRequest.php(21): Illuminate\\Pipeline\\Pipeline->Illuminate\\Pipeline\\{closure}(Object(Illuminate\\Http\\Request))
#79 /Applications/MAMP/htdocs/enot-24/archive/vendor/laravel/framework/src/Illuminate/Foundation/Http/Middleware/ConvertEmptyStringsToNull.php(31): Illuminate\\Foundation\\Http\\Middleware\\TransformsRequest->handle(Object(Illuminate\\Http\\Request), Object(Closure))
#80 /Applications/MAMP/htdocs/enot-24/archive/vendor/laravel/framework/src/Illuminate/Pipeline/Pipeline.php(167): Illuminate\\Foundation\\Http\\Middleware\\ConvertEmptyStringsToNull->handle(Object(Illuminate\\Http\\Request), Object(Closure))
#81 /Applications/MAMP/htdocs/enot-24/archive/vendor/laravel/framework/src/Illuminate/Foundation/Http/Middleware/TransformsRequest.php(21): Illuminate\\Pipeline\\Pipeline->Illuminate\\Pipeline\\{closure}(Object(Illuminate\\Http\\Request))
#82 /Applications/MAMP/htdocs/enot-24/archive/vendor/laravel/framework/src/Illuminate/Foundation/Http/Middleware/TrimStrings.php(40): Illuminate\\Foundation\\Http\\Middleware\\TransformsRequest->handle(Object(Illuminate\\Http\\Request), Object(Closure))
#83 /Applications/MAMP/htdocs/enot-24/archive/vendor/laravel/framework/src/Illuminate/Pipeline/Pipeline.php(167): Illuminate\\Foundation\\Http\\Middleware\\TrimStrings->handle(Object(Illuminate\\Http\\Request), Object(Closure))
#84 /Applications/MAMP/htdocs/enot-24/archive/vendor/laravel/framework/src/Illuminate/Foundation/Http/Middleware/ValidatePostSize.php(27): Illuminate\\Pipeline\\Pipeline->Illuminate\\Pipeline\\{closure}(Object(Illuminate\\Http\\Request))
#85 /Applications/MAMP/htdocs/enot-24/archive/vendor/laravel/framework/src/Illuminate/Pipeline/Pipeline.php(167): Illuminate\\Foundation\\Http\\Middleware\\ValidatePostSize->handle(Object(Illuminate\\Http\\Request), Object(Closure))
#86 /Applications/MAMP/htdocs/enot-24/archive/vendor/laravel/framework/src/Illuminate/Foundation/Http/Middleware/PreventRequestsDuringMaintenance.php(86): Illuminate\\Pipeline\\Pipeline->Illuminate\\Pipeline\\{closure}(Object(Illuminate\\Http\\Request))
#87 /Applications/MAMP/htdocs/enot-24/archive/vendor/laravel/framework/src/Illuminate/Pipeline/Pipeline.php(167): Illuminate\\Foundation\\Http\\Middleware\\PreventRequestsDuringMaintenance->handle(Object(Illuminate\\Http\\Request), Object(Closure))
#88 /Applications/MAMP/htdocs/enot-24/archive/vendor/fruitcake/laravel-cors/src/HandleCors.php(38): Illuminate\\Pipeline\\Pipeline->Illuminate\\Pipeline\\{closure}(Object(Illuminate\\Http\\Request))
#89 /Applications/MAMP/htdocs/enot-24/archive/vendor/laravel/framework/src/Illuminate/Pipeline/Pipeline.php(167): Fruitcake\\Cors\\HandleCors->handle(Object(Illuminate\\Http\\Request), Object(Closure))
#90 /Applications/MAMP/htdocs/enot-24/archive/vendor/laravel/framework/src/Illuminate/Http/Middleware/TrustProxies.php(39): Illuminate\\Pipeline\\Pipeline->Illuminate\\Pipeline\\{closure}(Object(Illuminate\\Http\\Request))
#91 /Applications/MAMP/htdocs/enot-24/archive/vendor/laravel/framework/src/Illuminate/Pipeline/Pipeline.php(167): Illuminate\\Http\\Middleware\\TrustProxies->handle(Object(Illuminate\\Http\\Request), Object(Closure))
#92 /Applications/MAMP/htdocs/enot-24/archive/vendor/laravel/framework/src/Illuminate/Pipeline/Pipeline.php(103): Illuminate\\Pipeline\\Pipeline->Illuminate\\Pipeline\\{closure}(Object(Illuminate\\Http\\Request))
#93 /Applications/MAMP/htdocs/enot-24/archive/vendor/laravel/framework/src/Illuminate/Foundation/Http/Kernel.php(142): Illuminate\\Pipeline\\Pipeline->then(Object(Closure))
#94 /Applications/MAMP/htdocs/enot-24/archive/vendor/laravel/framework/src/Illuminate/Foundation/Http/Kernel.php(111): Illuminate\\Foundation\\Http\\Kernel->sendRequestThroughRouter(Object(Illuminate\\Http\\Request))
#95 /Applications/MAMP/htdocs/enot-24/archive/public/index.php(51): Illuminate\\Foundation\\Http\\Kernel->handle(Object(Illuminate\\Http\\Request))
#96 /Applications/MAMP/htdocs/enot-24/archive/server.php(21): require_once('/Applications/M...')
#97 {main}

[previous exception] [object] (PDOException(code: 42S02): SQLSTATE[42S02]: Base table or view not found: 1146 Table 'enot24_2026db.blog_posts' doesn't exist at /Applications/MAMP/htdocs/enot-24/archive/vendor/laravel/framework/src/Illuminate/Database/Connection.php:368)
[stacktrace]
#0 /Applications/MAMP/htdocs/enot-24/archive/vendor/laravel/framework/src/Illuminate/Database/Connection.php(368): PDO->prepare('select count(*)...')
#1 /Applications/MAMP/htdocs/enot-24/archive/vendor/laravel/framework/src/Illuminate/Database/Connection.php(705): Illuminate\\Database\\Connection->Illuminate\\Database\\{closure}('select count(*)...', Array)
#2 /Applications/MAMP/htdocs/enot-24/archive/vendor/laravel/framework/src/Illuminate/Database/Connection.php(672): Illuminate\\Database\\Connection->runQueryCallback('select count(*)...', Array, Object(Closure))
#3 /Applications/MAMP/htdocs/enot-24/archive/vendor/laravel/framework/src/Illuminate/Database/Connection.php(359): Illuminate\\Database\\Connection->run('select count(*)...', Array, Object(Closure))
#4 /Applications/MAMP/htdocs/enot-24/archive/vendor/laravel/framework/src/Illuminate/Database/Query/Builder.php(2413): Illuminate\\Database\\Connection->select('select count(*)...', Array, true)
#5 /Applications/MAMP/htdocs/enot-24/archive/vendor/laravel/framework/src/Illuminate/Database/Query/Builder.php(2402): Illuminate\\Database\\Query\\Builder->runSelect()
#6 /Applications/MAMP/htdocs/enot-24/archive/vendor/laravel/framework/src/Illuminate/Database/Query/Builder.php(2936): Illuminate\\Database\\Query\\Builder->Illuminate\\Database\\Query\\{closure}()
#7 /Applications/MAMP/htdocs/enot-24/archive/vendor/laravel/framework/src/Illuminate/Database/Query/Builder.php(2401): Illuminate\\Database\\Query\\Builder->onceWithColumns(Array, Object(Closure))
#8 /Applications/MAMP/htdocs/enot-24/archive/vendor/laravel/framework/src/Illuminate/Database/Query/Builder.php(2550): Illuminate\\Database\\Query\\Builder->get()
#9 /Applications/MAMP/htdocs/enot-24/archive/vendor/laravel/framework/src/Illuminate/Database/Query/Builder.php(2509): Illuminate\\Database\\Query\\Builder->runPaginationCountQuery(Array)
#10 /Applications/MAMP/htdocs/enot-24/archive/vendor/laravel/framework/src/Illuminate/Database/Eloquent/Builder.php(808): Illuminate\\Database\\Query\\Builder->getCountForPagination()
#11 /Applications/MAMP/htdocs/enot-24/archive/vendor/filament/tables/src/Concerns/CanPaginateRecords.php(32): Illuminate\\Database\\Eloquent\\Builder->paginate(10, Array, 'page')
#12 /Applications/MAMP/htdocs/enot-24/archive/vendor/filament/tables/src/Concerns/HasRecords.php(69): Filament\\Resources\\Pages\\ListRecords->paginateTableQuery(Object(Illuminate\\Database\\Eloquent\\Builder))
#13 /Applications/MAMP/htdocs/enot-24/archive/vendor/filament/tables/src/Table.php(289): Filament\\Resources\\Pages\\ListRecords->getTableRecords()
#14 /Applications/MAMP/htdocs/enot-24/archive/storage/framework/views/50264d5d22879bb7209a90727a323f96943f31d1.php(35): Filament\\Tables\\Table->getRecords()
#15 /Applications/MAMP/htdocs/enot-24/archive/vendor/livewire/livewire/src/ComponentConcerns/RendersLivewireComponents.php(83): include('/Applications/M...')
#16 /Applications/MAMP/htdocs/enot-24/archive/vendor/livewire/livewire/src/ComponentConcerns/RendersLivewireComponents.php(84): App\\Filament\\Resources\\BlogPostResource\\Pages\\ListBlogPosts->Livewire\\ComponentConcerns\\{closure}()
#17 /Applications/MAMP/htdocs/enot-24/archive/vendor/livewire/livewire/src/ComponentConcerns/RendersLivewireComponents.php(59): Livewire\\CompilerEngineForIgnition->evaluatePath('/Applications/M...', Array)
#18 /Applications/MAMP/htdocs/enot-24/archive/vendor/laravel/framework/src/Illuminate/View/View.php(139): Livewire\\CompilerEngineForIgnition->get('/Applications/M...', Array)
#19 /Applications/MAMP/htdocs/enot-24/archive/vendor/laravel/framework/src/Illuminate/View/View.php(122): Illuminate\\View\\View->getContents()
#20 /Applications/MAMP/htdocs/enot-24/archive/vendor/laravel/framework/src/Illuminate/View/View.php(91): Illuminate\\View\\View->renderContents()
#21 /Applications/MAMP/htdocs/enot-24/archive/vendor/filament/support/src/Components/ViewComponent.php(104): Illuminate\\View\\View->render()
#22 /Applications/MAMP/htdocs/enot-24/archive/vendor/laravel/framework/src/Illuminate/Support/helpers.php(115): Filament\\Support\\Components\\ViewComponent->toHtml()
#23 /Applications/MAMP/htdocs/enot-24/archive/storage/framework/views/5c6e8f3fb51d25ed8ba906a63fbf8e1f77524fcb.php(13): e(Object(Filament\\Tables\\Table))
#24 /Applications/MAMP/htdocs/enot-24/archive/vendor/livewire/livewire/src/ComponentConcerns/RendersLivewireComponents.php(83): include('/Applications/M...')
#25 /Applications/MAMP/htdocs/enot-24/archive/vendor/livewire/livewire/src/ComponentConcerns/RendersLivewireComponents.php(84): App\\Filament\\Resources\\BlogPostResource\\Pages\\ListBlogPosts->Livewire\\ComponentConcerns\\{closure}()
#26 /Applications/MAMP/htdocs/enot-24/archive/vendor/livewire/livewire/src/ComponentConcerns/RendersLivewireComponents.php(59): Livewire\\CompilerEngineForIgnition->evaluatePath('/Applications/M...', Array)
#27 /Applications/MAMP/htdocs/enot-24/archive/vendor/laravel/framework/src/Illuminate/View/View.php(139): Livewire\\CompilerEngineForIgnition->get('/Applications/M...', Array)
#28 /Applications/MAMP/htdocs/enot-24/archive/vendor/laravel/framework/src/Illuminate/View/View.php(122): Illuminate\\View\\View->getContents()
#29 /Applications/MAMP/htdocs/enot-24/archive/vendor/laravel/framework/src/Illuminate/View/View.php(91): Illuminate\\View\\View->renderContents()
#30 /Applications/MAMP/htdocs/enot-24/archive/vendor/livewire/livewire/src/Component.php(235): Illuminate\\View\\View->render()
#31 /Applications/MAMP/htdocs/enot-24/archive/vendor/livewire/livewire/src/HydrationMiddleware/RenderView.php(14): Livewire\\Component->output()
#32 /Applications/MAMP/htdocs/enot-24/archive/vendor/livewire/livewire/src/LifecycleManager.php(141): Livewire\\HydrationMiddleware\\RenderView::dehydrate(Object(App\\Filament\\Resources\\BlogPostResource\\Pages\\ListBlogPosts), Object(Livewire\\Response))
#33 /Applications/MAMP/htdocs/enot-24/archive/storage/framework/views/dbfaecbfe30008adfc6afdb2e1de17f5f42b28bc.php(3): Livewire\\LifecycleManager->initialDehydrate()
#34 /Applications/MAMP/htdocs/enot-24/archive/vendor/laravel/framework/src/Illuminate/Filesystem/Filesystem.php(107): require('/Applications/M...')
#35 /Applications/MAMP/htdocs/enot-24/archive/vendor/laravel/framework/src/Illuminate/Filesystem/Filesystem.php(108): Illuminate\\Filesystem\\Filesystem::Illuminate\\Filesystem\\{closure}()
#36 /Applications/MAMP/htdocs/enot-24/archive/vendor/laravel/framework/src/Illuminate/View/Engines/PhpEngine.php(58): Illuminate\\Filesystem\\Filesystem->getRequire('/Applications/M...', Array)
#37 /Applications/MAMP/htdocs/enot-24/archive/vendor/livewire/livewire/src/ComponentConcerns/RendersLivewireComponents.php(69): Illuminate\\View\\Engines\\PhpEngine->evaluatePath('/Applications/M...', Array)
#38 /Applications/MAMP/htdocs/enot-24/archive/vendor/laravel/framework/src/Illuminate/View/Engines/CompilerEngine.php(61): Livewire\\CompilerEngineForIgnition->evaluatePath('/Applications/M...', Array)
#39 /Applications/MAMP/htdocs/enot-24/archive/vendor/facade/ignition/src/Views/Engines/CompilerEngine.php(37): Illuminate\\View\\Engines\\CompilerEngine->get('/Applications/M...', Array)
#40 /Applications/MAMP/htdocs/enot-24/archive/vendor/livewire/livewire/src/ComponentConcerns/RendersLivewireComponents.php(35): Facade\\Ignition\\Views\\Engines\\CompilerEngine->get('/Applications/M...', Array)
#41 /Applications/MAMP/htdocs/enot-24/archive/vendor/laravel/framework/src/Illuminate/View/View.php(139): Livewire\\CompilerEngineForIgnition->get('/Applications/M...', Array)
#42 /Applications/MAMP/htdocs/enot-24/archive/vendor/laravel/framework/src/Illuminate/View/View.php(122): Illuminate\\View\\View->getContents()
#43 /Applications/MAMP/htdocs/enot-24/archive/vendor/laravel/framework/src/Illuminate/View/View.php(91): Illuminate\\View\\View->renderContents()
#44 /Applications/MAMP/htdocs/enot-24/archive/vendor/laravel/framework/src/Illuminate/Http/Response.php(69): Illuminate\\View\\View->render()
#45 /Applications/MAMP/htdocs/enot-24/archive/vendor/laravel/framework/src/Illuminate/Http/Response.php(35): Illuminate\\Http\\Response->setContent(Object(Illuminate\\View\\View))
#46 /Applications/MAMP/htdocs/enot-24/archive/vendor/laravel/framework/src/Illuminate/Routing/Router.php(820): Illuminate\\Http\\Response->__construct(Object(Illuminate\\View\\View), 200, Array)
#47 /Applications/MAMP/htdocs/enot-24/archive/vendor/laravel/framework/src/Illuminate/Routing/Router.php(789): Illuminate\\Routing\\Router::toResponse(Object(Illuminate\\Http\\Request), Object(Illuminate\\View\\View))
#48 /Applications/MAMP/htdocs/enot-24/archive/vendor/laravel/framework/src/Illuminate/Routing/Router.php(720): Illuminate\\Routing\\Router->prepareResponse(Object(Illuminate\\Http\\Request), Object(Illuminate\\View\\View))
#49 /Applications/MAMP/htdocs/enot-24/archive/vendor/laravel/framework/src/Illuminate/Pipeline/Pipeline.php(128): Illuminate\\Routing\\Router->Illuminate\\Routing\\{closure}(Object(Illuminate\\Http\\Request))
#50 /Applications/MAMP/htdocs/enot-24/archive/vendor/filament/filament/src/Http/Middleware/MirrorConfigToSubpackages.php(30): Illuminate\\Pipeline\\Pipeline->Illuminate\\Pipeline\\{closure}(Object(Illuminate\\Http\\Request))
#51 /Applications/MAMP/htdocs/enot-24/archive/vendor/laravel/framework/src/Illuminate/Pipeline/Pipeline.php(167): Filament\\Http\\Middleware\\MirrorConfigToSubpackages->handle(Object(Illuminate\\Http\\Request), Object(Closure))
#52 /Applications/MAMP/htdocs/enot-24/archive/vendor/filament/filament/src/Http/Middleware/DispatchServingFilamentEvent.php(15): Illuminate\\Pipeline\\Pipeline->Illuminate\\Pipeline\\{closure}(Object(Illuminate\\Http\\Request))
#53 /Applications/MAMP/htdocs/enot-24/archive/vendor/laravel/framework/src/Illuminate/Pipeline/Pipeline.php(167): Filament\\Http\\Middleware\\DispatchServingFilamentEvent->handle(Object(Illuminate\\Http\\Request), Object(Closure))
#54 /Applications/MAMP/htdocs/enot-24/archive/vendor/laravel/framework/src/Illuminate/Routing/Middleware/SubstituteBindings.php(50): Illuminate\\Pipeline\\Pipeline->Illuminate\\Pipeline\\{closure}(Object(Illuminate\\Http\\Request))
#55 /Applications/MAMP/htdocs/enot-24/archive/vendor/laravel/framework/src/Illuminate/Pipeline/Pipeline.php(167): Illuminate\\Routing\\Middleware\\SubstituteBindings->handle(Object(Illuminate\\Http\\Request), Object(Closure))
#56 /Applications/MAMP/htdocs/enot-24/archive/vendor/laravel/framework/src/Illuminate/Foundation/Http/Middleware/VerifyCsrfToken.php(78): Illuminate\\Pipeline\\Pipeline->Illuminate\\Pipeline\\{closure}(Object(Illuminate\\Http\\Request))
#57 /Applications/MAMP/htdocs/enot-24/archive/vendor/laravel/framework/src/Illuminate/Pipeline/Pipeline.php(167): Illuminate\\Foundation\\Http\\Middleware\\VerifyCsrfToken->handle(Object(Illuminate\\Http\\Request), Object(Closure))
#58 /Applications/MAMP/htdocs/enot-24/archive/vendor/laravel/framework/src/Illuminate/Session/Middleware/AuthenticateSession.php(58): Illuminate\\Pipeline\\Pipeline->Illuminate\\Pipeline\\{closure}(Object(Illuminate\\Http\\Request))
#59 /Applications/MAMP/htdocs/enot-24/archive/vendor/laravel/framework/src/Illuminate/Pipeline/Pipeline.php(167): Illuminate\\Session\\Middleware\\AuthenticateSession->handle(Object(Illuminate\\Http\\Request), Object(Closure))
#60 /Applications/MAMP/htdocs/enot-24/archive/vendor/laravel/framework/src/Illuminate/Auth/Middleware/Authenticate.php(44): Illuminate\\Pipeline\\Pipeline->Illuminate\\Pipeline\\{closure}(Object(Illuminate\\Http\\Request))
#61 /Applications/MAMP/htdocs/enot-24/archive/vendor/laravel/framework/src/Illuminate/Pipeline/Pipeline.php(167): Illuminate\\Auth\\Middleware\\Authenticate->handle(Object(Illuminate\\Http\\Request), Object(Closure))
#62 /Applications/MAMP/htdocs/enot-24/archive/vendor/laravel/framework/src/Illuminate/View/Middleware/ShareErrorsFromSession.php(49): Illuminate\\Pipeline\\Pipeline->Illuminate\\Pipeline\\{closure}(Object(Illuminate\\Http\\Request))
#63 /Applications/MAMP/htdocs/enot-24/archive/vendor/laravel/framework/src/Illuminate/Pipeline/Pipeline.php(167): Illuminate\\View\\Middleware\\ShareErrorsFromSession->handle(Object(Illuminate\\Http\\Request), Object(Closure))
#64 /Applications/MAMP/htdocs/enot-24/archive/vendor/laravel/framework/src/Illuminate/Session/Middleware/StartSession.php(121): Illuminate\\Pipeline\\Pipeline->Illuminate\\Pipeline\\{closure}(Object(Illuminate\\Http\\Request))
#65 /Applications/MAMP/htdocs/enot-24/archive/vendor/laravel/framework/src/Illuminate/Session/Middleware/StartSession.php(64): Illuminate\\Session\\Middleware\\StartSession->handleStatefulRequest(Object(Illuminate\\Http\\Request), Object(Illuminate\\Session\\Store), Object(Closure))
#66 /Applications/MAMP/htdocs/enot-24/archive/vendor/laravel/framework/src/Illuminate/Pipeline/Pipeline.php(167): Illuminate\\Session\\Middleware\\StartSession->handle(Object(Illuminate\\Http\\Request), Object(Closure))
#67 /Applications/MAMP/htdocs/enot-24/archive/vendor/laravel/framework/src/Illuminate/Cookie/Middleware/AddQueuedCookiesToResponse.php(37): Illuminate\\Pipeline\\Pipeline->Illuminate\\Pipeline\\{closure}(Object(Illuminate\\Http\\Request))
#68 /Applications/MAMP/htdocs/enot-24/archive/vendor/laravel/framework/src/Illuminate/Pipeline/Pipeline.php(167): Illuminate\\Cookie\\Middleware\\AddQueuedCookiesToResponse->handle(Object(Illuminate\\Http\\Request), Object(Closure))
#69 /Applications/MAMP/htdocs/enot-24/archive/vendor/laravel/framework/src/Illuminate/Cookie/Middleware/EncryptCookies.php(67): Illuminate\\Pipeline\\Pipeline->Illuminate\\Pipeline\\{closure}(Object(Illuminate\\Http\\Request))
#70 /Applications/MAMP/htdocs/enot-24/archive/vendor/laravel/framework/src/Illuminate/Pipeline/Pipeline.php(167): Illuminate\\Cookie\\Middleware\\EncryptCookies->handle(Object(Illuminate\\Http\\Request), Object(Closure))
#71 /Applications/MAMP/htdocs/enot-24/archive/vendor/laravel/framework/src/Illuminate/Pipeline/Pipeline.php(103): Illuminate\\Pipeline\\Pipeline->Illuminate\\Pipeline\\{closure}(Object(Illuminate\\Http\\Request))
#72 /Applications/MAMP/htdocs/enot-24/archive/vendor/laravel/framework/src/Illuminate/Routing/Router.php(719): Illuminate\\Pipeline\\Pipeline->then(Object(Closure))
#73 /Applications/MAMP/htdocs/enot-24/archive/vendor/laravel/framework/src/Illuminate/Routing/Router.php(698): Illuminate\\Routing\\Router->runRouteWithinStack(Object(Illuminate\\Routing\\Route), Object(Illuminate\\Http\\Request))
#74 /Applications/MAMP/htdocs/enot-24/archive/vendor/laravel/framework/src/Illuminate/Routing/Router.php(662): Illuminate\\Routing\\Router->runRoute(Object(Illuminate\\Http\\Request), Object(Illuminate\\Routing\\Route))
#75 /Applications/MAMP/htdocs/enot-24/archive/vendor/laravel/framework/src/Illuminate/Routing/Router.php(651): Illuminate\\Routing\\Router->dispatchToRoute(Object(Illuminate\\Http\\Request))
#76 /Applications/MAMP/htdocs/enot-24/archive/vendor/laravel/framework/src/Illuminate/Foundation/Http/Kernel.php(167): Illuminate\\Routing\\Router->dispatch(Object(Illuminate\\Http\\Request))
#77 /Applications/MAMP/htdocs/enot-24/archive/vendor/laravel/framework/src/Illuminate/Pipeline/Pipeline.php(128): Illuminate\\Foundation\\Http\\Kernel->Illuminate\\Foundation\\Http\\{closure}(Object(Illuminate\\Http\\Request))
#78 /Applications/MAMP/htdocs/enot-24/archive/vendor/livewire/livewire/src/DisableBrowserCache.php(19): Illuminate\\Pipeline\\Pipeline->Illuminate\\Pipeline\\{closure}(Object(Illuminate\\Http\\Request))
#79 /Applications/MAMP/htdocs/enot-24/archive/vendor/laravel/framework/src/Illuminate/Pipeline/Pipeline.php(167): Livewire\\DisableBrowserCache->handle(Object(Illuminate\\Http\\Request), Object(Closure))
#80 /Applications/MAMP/htdocs/enot-24/archive/vendor/laravel/framework/src/Illuminate/Foundation/Http/Middleware/TransformsRequest.php(21): Illuminate\\Pipeline\\Pipeline->Illuminate\\Pipeline\\{closure}(Object(Illuminate\\Http\\Request))
#81 /Applications/MAMP/htdocs/enot-24/archive/vendor/laravel/framework/src/Illuminate/Foundation/Http/Middleware/ConvertEmptyStringsToNull.php(31): Illuminate\\Foundation\\Http\\Middleware\\TransformsRequest->handle(Object(Illuminate\\Http\\Request), Object(Closure))
#82 /Applications/MAMP/htdocs/enot-24/archive/vendor/laravel/framework/src/Illuminate/Pipeline/Pipeline.php(167): Illuminate\\Foundation\\Http\\Middleware\\ConvertEmptyStringsToNull->handle(Object(Illuminate\\Http\\Request), Object(Closure))
#83 /Applications/MAMP/htdocs/enot-24/archive/vendor/laravel/framework/src/Illuminate/Foundation/Http/Middleware/TransformsRequest.php(21): Illuminate\\Pipeline\\Pipeline->Illuminate\\Pipeline\\{closure}(Object(Illuminate\\Http\\Request))
#84 /Applications/MAMP/htdocs/enot-24/archive/vendor/laravel/framework/src/Illuminate/Foundation/Http/Middleware/TrimStrings.php(40): Illuminate\\Foundation\\Http\\Middleware\\TransformsRequest->handle(Object(Illuminate\\Http\\Request), Object(Closure))
#85 /Applications/MAMP/htdocs/enot-24/archive/vendor/laravel/framework/src/Illuminate/Pipeline/Pipeline.php(167): Illuminate\\Foundation\\Http\\Middleware\\TrimStrings->handle(Object(Illuminate\\Http\\Request), Object(Closure))
#86 /Applications/MAMP/htdocs/enot-24/archive/vendor/laravel/framework/src/Illuminate/Foundation/Http/Middleware/ValidatePostSize.php(27): Illuminate\\Pipeline\\Pipeline->Illuminate\\Pipeline\\{closure}(Object(Illuminate\\Http\\Request))
#87 /Applications/MAMP/htdocs/enot-24/archive/vendor/laravel/framework/src/Illuminate/Pipeline/Pipeline.php(167): Illuminate\\Foundation\\Http\\Middleware\\ValidatePostSize->handle(Object(Illuminate\\Http\\Request), Object(Closure))
#88 /Applications/MAMP/htdocs/enot-24/archive/vendor/laravel/framework/src/Illuminate/Foundation/Http/Middleware/PreventRequestsDuringMaintenance.php(86): Illuminate\\Pipeline\\Pipeline->Illuminate\\Pipeline\\{closure}(Object(Illuminate\\Http\\Request))
#89 /Applications/MAMP/htdocs/enot-24/archive/vendor/laravel/framework/src/Illuminate/Pipeline/Pipeline.php(167): Illuminate\\Foundation\\Http\\Middleware\\PreventRequestsDuringMaintenance->handle(Object(Illuminate\\Http\\Request), Object(Closure))
#90 /Applications/MAMP/htdocs/enot-24/archive/vendor/fruitcake/laravel-cors/src/HandleCors.php(38): Illuminate\\Pipeline\\Pipeline->Illuminate\\Pipeline\\{closure}(Object(Illuminate\\Http\\Request))
#91 /Applications/MAMP/htdocs/enot-24/archive/vendor/laravel/framework/src/Illuminate/Pipeline/Pipeline.php(167): Fruitcake\\Cors\\HandleCors->handle(Object(Illuminate\\Http\\Request), Object(Closure))
#92 /Applications/MAMP/htdocs/enot-24/archive/vendor/laravel/framework/src/Illuminate/Http/Middleware/TrustProxies.php(39): Illuminate\\Pipeline\\Pipeline->Illuminate\\Pipeline\\{closure}(Object(Illuminate\\Http\\Request))
#93 /Applications/MAMP/htdocs/enot-24/archive/vendor/laravel/framework/src/Illuminate/Pipeline/Pipeline.php(167): Illuminate\\Http\\Middleware\\TrustProxies->handle(Object(Illuminate\\Http\\Request), Object(Closure))
#94 /Applications/MAMP/htdocs/enot-24/archive/vendor/laravel/framework/src/Illuminate/Pipeline/Pipeline.php(103): Illuminate\\Pipeline\\Pipeline->Illuminate\\Pipeline\\{closure}(Object(Illuminate\\Http\\Request))
#95 /Applications/MAMP/htdocs/enot-24/archive/vendor/laravel/framework/src/Illuminate/Foundation/Http/Kernel.php(142): Illuminate\\Pipeline\\Pipeline->then(Object(Closure))
#96 /Applications/MAMP/htdocs/enot-24/archive/vendor/laravel/framework/src/Illuminate/Foundation/Http/Kernel.php(111): Illuminate\\Foundation\\Http\\Kernel->sendRequestThroughRouter(Object(Illuminate\\Http\\Request))
#97 /Applications/MAMP/htdocs/enot-24/archive/public/index.php(51): Illuminate\\Foundation\\Http\\Kernel->handle(Object(Illuminate\\Http\\Request))
#98 /Applications/MAMP/htdocs/enot-24/archive/server.php(21): require_once('/Applications/M...')
#99 {main}
"} 
[2026-03-21 03:34:26] local.ERROR: SQLSTATE[42S02]: Base table or view not found: 1146 Table 'enot24_2026db.blog_posts' doesn't exist (SQL: select * from `blog_posts` where `published_at` is not null and `published_at` <= 2026-03-21 03:34:26 order by `published_at` desc limit 5) {"userId":7,"exception":"[object] (Illuminate\\Database\\QueryException(code: 42S02): SQLSTATE[42S02]: Base table or view not found: 1146 Table 'enot24_2026db.blog_posts' doesn't exist (SQL: select * from `blog_posts` where `published_at` is not null and `published_at` <= 2026-03-21 03:34:26 order by `published_at` desc limit 5) at /Applications/MAMP/htdocs/enot-24/archive/vendor/laravel/framework/src/Illuminate/Database/Connection.php:712)
[stacktrace]
#0 /Applications/MAMP/htdocs/enot-24/archive/vendor/laravel/framework/src/Illuminate/Database/Connection.php(672): Illuminate\\Database\\Connection->runQueryCallback('select * from `...', Array, Object(Closure))
#1 /Applications/MAMP/htdocs/enot-24/archive/vendor/laravel/framework/src/Illuminate/Database/Connection.php(359): Illuminate\\Database\\Connection->run('select * from `...', Array, Object(Closure))
#2 /Applications/MAMP/htdocs/enot-24/archive/vendor/laravel/framework/src/Illuminate/Database/Query/Builder.php(2413): Illuminate\\Database\\Connection->select('select * from `...', Array, true)
#3 /Applications/MAMP/htdocs/enot-24/archive/vendor/laravel/framework/src/Illuminate/Database/Query/Builder.php(2402): Illuminate\\Database\\Query\\Builder->runSelect()
#4 /Applications/MAMP/htdocs/enot-24/archive/vendor/laravel/framework/src/Illuminate/Database/Query/Builder.php(2936): Illuminate\\Database\\Query\\Builder->Illuminate\\Database\\Query\\{closure}()
#5 /Applications/MAMP/htdocs/enot-24/archive/vendor/laravel/framework/src/Illuminate/Database/Query/Builder.php(2401): Illuminate\\Database\\Query\\Builder->onceWithColumns(Array, Object(Closure))
#6 /Applications/MAMP/htdocs/enot-24/archive/vendor/laravel/framework/src/Illuminate/Database/Eloquent/Builder.php(625): Illuminate\\Database\\Query\\Builder->get(Array)
#7 /Applications/MAMP/htdocs/enot-24/archive/vendor/laravel/framework/src/Illuminate/Database/Eloquent/Builder.php(609): Illuminate\\Database\\Eloquent\\Builder->getModels(Array)
#8 /Applications/MAMP/htdocs/enot-24/archive/app/Http/Controllers/IndexServices.php(68): Illuminate\\Database\\Eloquent\\Builder->get()
#9 /Applications/MAMP/htdocs/enot-24/archive/vendor/laravel/framework/src/Illuminate/Routing/Controller.php(54): App\\Http\\Controllers\\IndexServices->index()
#10 /Applications/MAMP/htdocs/enot-24/archive/vendor/laravel/framework/src/Illuminate/Routing/ControllerDispatcher.php(45): Illuminate\\Routing\\Controller->callAction('index', Array)
#11 /Applications/MAMP/htdocs/enot-24/archive/vendor/laravel/framework/src/Illuminate/Routing/Route.php(261): Illuminate\\Routing\\ControllerDispatcher->dispatch(Object(Illuminate\\Routing\\Route), Object(App\\Http\\Controllers\\IndexServices), 'index')
#12 /Applications/MAMP/htdocs/enot-24/archive/vendor/laravel/framework/src/Illuminate/Routing/Route.php(205): Illuminate\\Routing\\Route->runController()
#13 /Applications/MAMP/htdocs/enot-24/archive/vendor/laravel/framework/src/Illuminate/Routing/Router.php(721): Illuminate\\Routing\\Route->run()
#14 /Applications/MAMP/htdocs/enot-24/archive/vendor/laravel/framework/src/Illuminate/Pipeline/Pipeline.php(128): Illuminate\\Routing\\Router->Illuminate\\Routing\\{closure}(Object(Illuminate\\Http\\Request))
#15 /Applications/MAMP/htdocs/enot-24/archive/vendor/laravel/framework/src/Illuminate/Routing/Middleware/SubstituteBindings.php(50): Illuminate\\Pipeline\\Pipeline->Illuminate\\Pipeline\\{closure}(Object(Illuminate\\Http\\Request))
#16 /Applications/MAMP/htdocs/enot-24/archive/vendor/laravel/framework/src/Illuminate/Pipeline/Pipeline.php(167): Illuminate\\Routing\\Middleware\\SubstituteBindings->handle(Object(Illuminate\\Http\\Request), Object(Closure))
#17 /Applications/MAMP/htdocs/enot-24/archive/vendor/laravel/framework/src/Illuminate/Foundation/Http/Middleware/VerifyCsrfToken.php(78): Illuminate\\Pipeline\\Pipeline->Illuminate\\Pipeline\\{closure}(Object(Illuminate\\Http\\Request))
#18 /Applications/MAMP/htdocs/enot-24/archive/vendor/laravel/framework/src/Illuminate/Pipeline/Pipeline.php(167): Illuminate\\Foundation\\Http\\Middleware\\VerifyCsrfToken->handle(Object(Illuminate\\Http\\Request), Object(Closure))
#19 /Applications/MAMP/htdocs/enot-24/archive/vendor/laravel/framework/src/Illuminate/View/Middleware/ShareErrorsFromSession.php(49): Illuminate\\Pipeline\\Pipeline->Illuminate\\Pipeline\\{closure}(Object(Illuminate\\Http\\Request))
#20 /Applications/MAMP/htdocs/enot-24/archive/vendor/laravel/framework/src/Illuminate/Pipeline/Pipeline.php(167): Illuminate\\View\\Middleware\\ShareErrorsFromSession->handle(Object(Illuminate\\Http\\Request), Object(Closure))
#21 /Applications/MAMP/htdocs/enot-24/archive/vendor/laravel/framework/src/Illuminate/Session/Middleware/StartSession.php(121): Illuminate\\Pipeline\\Pipeline->Illuminate\\Pipeline\\{closure}(Object(Illuminate\\Http\\Request))
#22 /Applications/MAMP/htdocs/enot-24/archive/vendor/laravel/framework/src/Illuminate/Session/Middleware/StartSession.php(64): Illuminate\\Session\\Middleware\\StartSession->handleStatefulRequest(Object(Illuminate\\Http\\Request), Object(Illuminate\\Session\\Store), Object(Closure))
#23 /Applications/MAMP/htdocs/enot-24/archive/vendor/laravel/framework/src/Illuminate/Pipeline/Pipeline.php(167): Illuminate\\Session\\Middleware\\StartSession->handle(Object(Illuminate\\Http\\Request), Object(Closure))
#24 /Applications/MAMP/htdocs/enot-24/archive/vendor/laravel/framework/src/Illuminate/Cookie/Middleware/AddQueuedCookiesToResponse.php(37): Illuminate\\Pipeline\\Pipeline->Illuminate\\Pipeline\\{closure}(Object(Illuminate\\Http\\Request))
#25 /Applications/MAMP/htdocs/enot-24/archive/vendor/laravel/framework/src/Illuminate/Pipeline/Pipeline.php(167): Illuminate\\Cookie\\Middleware\\AddQueuedCookiesToResponse->handle(Object(Illuminate\\Http\\Request), Object(Closure))
#26 /Applications/MAMP/htdocs/enot-24/archive/vendor/laravel/framework/src/Illuminate/Cookie/Middleware/EncryptCookies.php(67): Illuminate\\Pipeline\\Pipeline->Illuminate\\Pipeline\\{closure}(Object(Illuminate\\Http\\Request))
#27 /Applications/MAMP/htdocs/enot-24/archive/vendor/laravel/framework/src/Illuminate/Pipeline/Pipeline.php(167): Illuminate\\Cookie\\Middleware\\EncryptCookies->handle(Object(Illuminate\\Http\\Request), Object(Closure))
#28 /Applications/MAMP/htdocs/enot-24/archive/vendor/laravel/framework/src/Illuminate/Pipeline/Pipeline.php(103): Illuminate\\Pipeline\\Pipeline->Illuminate\\Pipeline\\{closure}(Object(Illuminate\\Http\\Request))
#29 /Applications/MAMP/htdocs/enot-24/archive/vendor/laravel/framework/src/Illuminate/Routing/Router.php(719): Illuminate\\Pipeline\\Pipeline->then(Object(Closure))
#30 /Applications/MAMP/htdocs/enot-24/archive/vendor/laravel/framework/src/Illuminate/Routing/Router.php(698): Illuminate\\Routing\\Router->runRouteWithinStack(Object(Illuminate\\Routing\\Route), Object(Illuminate\\Http\\Request))
#31 /Applications/MAMP/htdocs/enot-24/archive/vendor/laravel/framework/src/Illuminate/Routing/Router.php(662): Illuminate\\Routing\\Router->runRoute(Object(Illuminate\\Http\\Request), Object(Illuminate\\Routing\\Route))
#32 /Applications/MAMP/htdocs/enot-24/archive/vendor/laravel/framework/src/Illuminate/Routing/Router.php(651): Illuminate\\Routing\\Router->dispatchToRoute(Object(Illuminate\\Http\\Request))
#33 /Applications/MAMP/htdocs/enot-24/archive/vendor/laravel/framework/src/Illuminate/Foundation/Http/Kernel.php(167): Illuminate\\Routing\\Router->dispatch(Object(Illuminate\\Http\\Request))
#34 /Applications/MAMP/htdocs/enot-24/archive/vendor/laravel/framework/src/Illuminate/Pipeline/Pipeline.php(128): Illuminate\\Foundation\\Http\\Kernel->Illuminate\\Foundation\\Http\\{closure}(Object(Illuminate\\Http\\Request))
#35 /Applications/MAMP/htdocs/enot-24/archive/vendor/livewire/livewire/src/DisableBrowserCache.php(19): Illuminate\\Pipeline\\Pipeline->Illuminate\\Pipeline\\{closure}(Object(Illuminate\\Http\\Request))
#36 /Applications/MAMP/htdocs/enot-24/archive/vendor/laravel/framework/src/Illuminate/Pipeline/Pipeline.php(167): Livewire\\DisableBrowserCache->handle(Object(Illuminate\\Http\\Request), Object(Closure))
#37 /Applications/MAMP/htdocs/enot-24/archive/vendor/laravel/framework/src/Illuminate/Foundation/Http/Middleware/TransformsRequest.php(21): Illuminate\\Pipeline\\Pipeline->Illuminate\\Pipeline\\{closure}(Object(Illuminate\\Http\\Request))
#38 /Applications/MAMP/htdocs/enot-24/archive/vendor/laravel/framework/src/Illuminate/Foundation/Http/Middleware/ConvertEmptyStringsToNull.php(31): Illuminate\\Foundation\\Http\\Middleware\\TransformsRequest->handle(Object(Illuminate\\Http\\Request), Object(Closure))
#39 /Applications/MAMP/htdocs/enot-24/archive/vendor/laravel/framework/src/Illuminate/Pipeline/Pipeline.php(167): Illuminate\\Foundation\\Http\\Middleware\\ConvertEmptyStringsToNull->handle(Object(Illuminate\\Http\\Request), Object(Closure))
#40 /Applications/MAMP/htdocs/enot-24/archive/vendor/laravel/framework/src/Illuminate/Foundation/Http/Middleware/TransformsRequest.php(21): Illuminate\\Pipeline\\Pipeline->Illuminate\\Pipeline\\{closure}(Object(Illuminate\\Http\\Request))
#41 /Applications/MAMP/htdocs/enot-24/archive/vendor/laravel/framework/src/Illuminate/Foundation/Http/Middleware/TrimStrings.php(40): Illuminate\\Foundation\\Http\\Middleware\\TransformsRequest->handle(Object(Illuminate\\Http\\Request), Object(Closure))
#42 /Applications/MAMP/htdocs/enot-24/archive/vendor/laravel/framework/src/Illuminate/Pipeline/Pipeline.php(167): Illuminate\\Foundation\\Http\\Middleware\\TrimStrings->handle(Object(Illuminate\\Http\\Request), Object(Closure))
#43 /Applications/MAMP/htdocs/enot-24/archive/vendor/laravel/framework/src/Illuminate/Foundation/Http/Middleware/ValidatePostSize.php(27): Illuminate\\Pipeline\\Pipeline->Illuminate\\Pipeline\\{closure}(Object(Illuminate\\Http\\Request))
#44 /Applications/MAMP/htdocs/enot-24/archive/vendor/laravel/framework/src/Illuminate/Pipeline/Pipeline.php(167): Illuminate\\Foundation\\Http\\Middleware\\ValidatePostSize->handle(Object(Illuminate\\Http\\Request), Object(Closure))
#45 /Applications/MAMP/htdocs/enot-24/archive/vendor/laravel/framework/src/Illuminate/Foundation/Http/Middleware/PreventRequestsDuringMaintenance.php(86): Illuminate\\Pipeline\\Pipeline->Illuminate\\Pipeline\\{closure}(Object(Illuminate\\Http\\Request))
#46 /Applications/MAMP/htdocs/enot-24/archive/vendor/laravel/framework/src/Illuminate/Pipeline/Pipeline.php(167): Illuminate\\Foundation\\Http\\Middleware\\PreventRequestsDuringMaintenance->handle(Object(Illuminate\\Http\\Request), Object(Closure))
#47 /Applications/MAMP/htdocs/enot-24/archive/vendor/fruitcake/laravel-cors/src/HandleCors.php(38): Illuminate\\Pipeline\\Pipeline->Illuminate\\Pipeline\\{closure}(Object(Illuminate\\Http\\Request))
#48 /Applications/MAMP/htdocs/enot-24/archive/vendor/laravel/framework/src/Illuminate/Pipeline/Pipeline.php(167): Fruitcake\\Cors\\HandleCors->handle(Object(Illuminate\\Http\\Request), Object(Closure))
#49 /Applications/MAMP/htdocs/enot-24/archive/vendor/laravel/framework/src/Illuminate/Http/Middleware/TrustProxies.php(39): Illuminate\\Pipeline\\Pipeline->Illuminate\\Pipeline\\{closure}(Object(Illuminate\\Http\\Request))
#50 /Applications/MAMP/htdocs/enot-24/archive/vendor/laravel/framework/src/Illuminate/Pipeline/Pipeline.php(167): Illuminate\\Http\\Middleware\\TrustProxies->handle(Object(Illuminate\\Http\\Request), Object(Closure))
#51 /Applications/MAMP/htdocs/enot-24/archive/vendor/laravel/framework/src/Illuminate/Pipeline/Pipeline.php(103): Illuminate\\Pipeline\\Pipeline->Illuminate\\Pipeline\\{closure}(Object(Illuminate\\Http\\Request))
#52 /Applications/MAMP/htdocs/enot-24/archive/vendor/laravel/framework/src/Illuminate/Foundation/Http/Kernel.php(142): Illuminate\\Pipeline\\Pipeline->then(Object(Closure))
#53 /Applications/MAMP/htdocs/enot-24/archive/vendor/laravel/framework/src/Illuminate/Foundation/Http/Kernel.php(111): Illuminate\\Foundation\\Http\\Kernel->sendRequestThroughRouter(Object(Illuminate\\Http\\Request))
#54 /Applications/MAMP/htdocs/enot-24/archive/public/index.php(51): Illuminate\\Foundation\\Http\\Kernel->handle(Object(Illuminate\\Http\\Request))
#55 /Applications/MAMP/htdocs/enot-24/archive/server.php(21): require_once('/Applications/M...')
#56 {main}

[previous exception] [object] (PDOException(code: 42S02): SQLSTATE[42S02]: Base table or view not found: 1146 Table 'enot24_2026db.blog_posts' doesn't exist at /Applications/MAMP/htdocs/enot-24/archive/vendor/laravel/framework/src/Illuminate/Database/Connection.php:368)
[stacktrace]
#0 /Applications/MAMP/htdocs/enot-24/archive/vendor/laravel/framework/src/Illuminate/Database/Connection.php(368): PDO->prepare('select * from `...')
#1 /Applications/MAMP/htdocs/enot-24/archive/vendor/laravel/framework/src/Illuminate/Database/Connection.php(705): Illuminate\\Database\\Connection->Illuminate\\Database\\{closure}('select * from `...', Array)
#2 /Applications/MAMP/htdocs/enot-24/archive/vendor/laravel/framework/src/Illuminate/Database/Connection.php(672): Illuminate\\Database\\Connection->runQueryCallback('select * from `...', Array, Object(Closure))
#3 /Applications/MAMP/htdocs/enot-24/archive/vendor/laravel/framework/src/Illuminate/Database/Connection.php(359): Illuminate\\Database\\Connection->run('select * from `...', Array, Object(Closure))
#4 /Applications/MAMP/htdocs/enot-24/archive/vendor/laravel/framework/src/Illuminate/Database/Query/Builder.php(2413): Illuminate\\Database\\Connection->select('select * from `...', Array, true)
#5 /Applications/MAMP/htdocs/enot-24/archive/vendor/laravel/framework/src/Illuminate/Database/Query/Builder.php(2402): Illuminate\\Database\\Query\\Builder->runSelect()
#6 /Applications/MAMP/htdocs/enot-24/archive/vendor/laravel/framework/src/Illuminate/Database/Query/Builder.php(2936): Illuminate\\Database\\Query\\Builder->Illuminate\\Database\\Query\\{closure}()
#7 /Applications/MAMP/htdocs/enot-24/archive/vendor/laravel/framework/src/Illuminate/Database/Query/Builder.php(2401): Illuminate\\Database\\Query\\Builder->onceWithColumns(Array, Object(Closure))
#8 /Applications/MAMP/htdocs/enot-24/archive/vendor/laravel/framework/src/Illuminate/Database/Eloquent/Builder.php(625): Illuminate\\Database\\Query\\Builder->get(Array)
#9 /Applications/MAMP/htdocs/enot-24/archive/vendor/laravel/framework/src/Illuminate/Database/Eloquent/Builder.php(609): Illuminate\\Database\\Eloquent\\Builder->getModels(Array)
#10 /Applications/MAMP/htdocs/enot-24/archive/app/Http/Controllers/IndexServices.php(68): Illuminate\\Database\\Eloquent\\Builder->get()
#11 /Applications/MAMP/htdocs/enot-24/archive/vendor/laravel/framework/src/Illuminate/Routing/Controller.php(54): App\\Http\\Controllers\\IndexServices->index()
#12 /Applications/MAMP/htdocs/enot-24/archive/vendor/laravel/framework/src/Illuminate/Routing/ControllerDispatcher.php(45): Illuminate\\Routing\\Controller->callAction('index', Array)
#13 /Applications/MAMP/htdocs/enot-24/archive/vendor/laravel/framework/src/Illuminate/Routing/Route.php(261): Illuminate\\Routing\\ControllerDispatcher->dispatch(Object(Illuminate\\Routing\\Route), Object(App\\Http\\Controllers\\IndexServices), 'index')
#14 /Applications/MAMP/htdocs/enot-24/archive/vendor/laravel/framework/src/Illuminate/Routing/Route.php(205): Illuminate\\Routing\\Route->runController()
#15 /Applications/MAMP/htdocs/enot-24/archive/vendor/laravel/framework/src/Illuminate/Routing/Router.php(721): Illuminate\\Routing\\Route->run()
#16 /Applications/MAMP/htdocs/enot-24/archive/vendor/laravel/framework/src/Illuminate/Pipeline/Pipeline.php(128): Illuminate\\Routing\\Router->Illuminate\\Routing\\{closure}(Object(Illuminate\\Http\\Request))
#17 /Applications/MAMP/htdocs/enot-24/archive/vendor/laravel/framework/src/Illuminate/Routing/Middleware/SubstituteBindings.php(50): Illuminate\\Pipeline\\Pipeline->Illuminate\\Pipeline\\{closure}(Object(Illuminate\\Http\\Request))
#18 /Applications/MAMP/htdocs/enot-24/archive/vendor/laravel/framework/src/Illuminate/Pipeline/Pipeline.php(167): Illuminate\\Routing\\Middleware\\SubstituteBindings->handle(Object(Illuminate\\Http\\Request), Object(Closure))
#19 /Applications/MAMP/htdocs/enot-24/archive/vendor/laravel/framework/src/Illuminate/Foundation/Http/Middleware/VerifyCsrfToken.php(78): Illuminate\\Pipeline\\Pipeline->Illuminate\\Pipeline\\{closure}(Object(Illuminate\\Http\\Request))
#20 /Applications/MAMP/htdocs/enot-24/archive/vendor/laravel/framework/src/Illuminate/Pipeline/Pipeline.php(167): Illuminate\\Foundation\\Http\\Middleware\\VerifyCsrfToken->handle(Object(Illuminate\\Http\\Request), Object(Closure))
#21 /Applications/MAMP/htdocs/enot-24/archive/vendor/laravel/framework/src/Illuminate/View/Middleware/ShareErrorsFromSession.php(49): Illuminate\\Pipeline\\Pipeline->Illuminate\\Pipeline\\{closure}(Object(Illuminate\\Http\\Request))
#22 /Applications/MAMP/htdocs/enot-24/archive/vendor/laravel/framework/src/Illuminate/Pipeline/Pipeline.php(167): Illuminate\\View\\Middleware\\ShareErrorsFromSession->handle(Object(Illuminate\\Http\\Request), Object(Closure))
#23 /Applications/MAMP/htdocs/enot-24/archive/vendor/laravel/framework/src/Illuminate/Session/Middleware/StartSession.php(121): Illuminate\\Pipeline\\Pipeline->Illuminate\\Pipeline\\{closure}(Object(Illuminate\\Http\\Request))
#24 /Applications/MAMP/htdocs/enot-24/archive/vendor/laravel/framework/src/Illuminate/Session/Middleware/StartSession.php(64): Illuminate\\Session\\Middleware\\StartSession->handleStatefulRequest(Object(Illuminate\\Http\\Request), Object(Illuminate\\Session\\Store), Object(Closure))
#25 /Applications/MAMP/htdocs/enot-24/archive/vendor/laravel/framework/src/Illuminate/Pipeline/Pipeline.php(167): Illuminate\\Session\\Middleware\\StartSession->handle(Object(Illuminate\\Http\\Request), Object(Closure))
#26 /Applications/MAMP/htdocs/enot-24/archive/vendor/laravel/framework/src/Illuminate/Cookie/Middleware/AddQueuedCookiesToResponse.php(37): Illuminate\\Pipeline\\Pipeline->Illuminate\\Pipeline\\{closure}(Object(Illuminate\\Http\\Request))
#27 /Applications/MAMP/htdocs/enot-24/archive/vendor/laravel/framework/src/Illuminate/Pipeline/Pipeline.php(167): Illuminate\\Cookie\\Middleware\\AddQueuedCookiesToResponse->handle(Object(Illuminate\\Http\\Request), Object(Closure))
#28 /Applications/MAMP/htdocs/enot-24/archive/vendor/laravel/framework/src/Illuminate/Cookie/Middleware/EncryptCookies.php(67): Illuminate\\Pipeline\\Pipeline->Illuminate\\Pipeline\\{closure}(Object(Illuminate\\Http\\Request))
#29 /Applications/MAMP/htdocs/enot-24/archive/vendor/laravel/framework/src/Illuminate/Pipeline/Pipeline.php(167): Illuminate\\Cookie\\Middleware\\EncryptCookies->handle(Object(Illuminate\\Http\\Request), Object(Closure))
#30 /Applications/MAMP/htdocs/enot-24/archive/vendor/laravel/framework/src/Illuminate/Pipeline/Pipeline.php(103): Illuminate\\Pipeline\\Pipeline->Illuminate\\Pipeline\\{closure}(Object(Illuminate\\Http\\Request))
#31 /Applications/MAMP/htdocs/enot-24/archive/vendor/laravel/framework/src/Illuminate/Routing/Router.php(719): Illuminate\\Pipeline\\Pipeline->then(Object(Closure))
#32 /Applications/MAMP/htdocs/enot-24/archive/vendor/laravel/framework/src/Illuminate/Routing/Router.php(698): Illuminate\\Routing\\Router->runRouteWithinStack(Object(Illuminate\\Routing\\Route), Object(Illuminate\\Http\\Request))
#33 /Applications/MAMP/htdocs/enot-24/archive/vendor/laravel/framework/src/Illuminate/Routing/Router.php(662): Illuminate\\Routing\\Router->runRoute(Object(Illuminate\\Http\\Request), Object(Illuminate\\Routing\\Route))
#34 /Applications/MAMP/htdocs/enot-24/archive/vendor/laravel/framework/src/Illuminate/Routing/Router.php(651): Illuminate\\Routing\\Router->dispatchToRoute(Object(Illuminate\\Http\\Request))
#35 /Applications/MAMP/htdocs/enot-24/archive/vendor/laravel/framework/src/Illuminate/Foundation/Http/Kernel.php(167): Illuminate\\Routing\\Router->dispatch(Object(Illuminate\\Http\\Request))
#36 /Applications/MAMP/htdocs/enot-24/archive/vendor/laravel/framework/src/Illuminate/Pipeline/Pipeline.php(128): Illuminate\\Foundation\\Http\\Kernel->Illuminate\\Foundation\\Http\\{closure}(Object(Illuminate\\Http\\Request))
#37 /Applications/MAMP/htdocs/enot-24/archive/vendor/livewire/livewire/src/DisableBrowserCache.php(19): Illuminate\\Pipeline\\Pipeline->Illuminate\\Pipeline\\{closure}(Object(Illuminate\\Http\\Request))
#38 /Applications/MAMP/htdocs/enot-24/archive/vendor/laravel/framework/src/Illuminate/Pipeline/Pipeline.php(167): Livewire\\DisableBrowserCache->handle(Object(Illuminate\\Http\\Request), Object(Closure))
#39 /Applications/MAMP/htdocs/enot-24/archive/vendor/laravel/framework/src/Illuminate/Foundation/Http/Middleware/TransformsRequest.php(21): Illuminate\\Pipeline\\Pipeline->Illuminate\\Pipeline\\{closure}(Object(Illuminate\\Http\\Request))
#40 /Applications/MAMP/htdocs/enot-24/archive/vendor/laravel/framework/src/Illuminate/Foundation/Http/Middleware/ConvertEmptyStringsToNull.php(31): Illuminate\\Foundation\\Http\\Middleware\\TransformsRequest->handle(Object(Illuminate\\Http\\Request), Object(Closure))
#41 /Applications/MAMP/htdocs/enot-24/archive/vendor/laravel/framework/src/Illuminate/Pipeline/Pipeline.php(167): Illuminate\\Foundation\\Http\\Middleware\\ConvertEmptyStringsToNull->handle(Object(Illuminate\\Http\\Request), Object(Closure))
#42 /Applications/MAMP/htdocs/enot-24/archive/vendor/laravel/framework/src/Illuminate/Foundation/Http/Middleware/TransformsRequest.php(21): Illuminate\\Pipeline\\Pipeline->Illuminate\\Pipeline\\{closure}(Object(Illuminate\\Http\\Request))
#43 /Applications/MAMP/htdocs/enot-24/archive/vendor/laravel/framework/src/Illuminate/Foundation/Http/Middleware/TrimStrings.php(40): Illuminate\\Foundation\\Http\\Middleware\\TransformsRequest->handle(Object(Illuminate\\Http\\Request), Object(Closure))
#44 /Applications/MAMP/htdocs/enot-24/archive/vendor/laravel/framework/src/Illuminate/Pipeline/Pipeline.php(167): Illuminate\\Foundation\\Http\\Middleware\\TrimStrings->handle(Object(Illuminate\\Http\\Request), Object(Closure))
#45 /Applications/MAMP/htdocs/enot-24/archive/vendor/laravel/framework/src/Illuminate/Foundation/Http/Middleware/ValidatePostSize.php(27): Illuminate\\Pipeline\\Pipeline->Illuminate\\Pipeline\\{closure}(Object(Illuminate\\Http\\Request))
#46 /Applications/MAMP/htdocs/enot-24/archive/vendor/laravel/framework/src/Illuminate/Pipeline/Pipeline.php(167): Illuminate\\Foundation\\Http\\Middleware\\ValidatePostSize->handle(Object(Illuminate\\Http\\Request), Object(Closure))
#47 /Applications/MAMP/htdocs/enot-24/archive/vendor/laravel/framework/src/Illuminate/Foundation/Http/Middleware/PreventRequestsDuringMaintenance.php(86): Illuminate\\Pipeline\\Pipeline->Illuminate\\Pipeline\\{closure}(Object(Illuminate\\Http\\Request))
#48 /Applications/MAMP/htdocs/enot-24/archive/vendor/laravel/framework/src/Illuminate/Pipeline/Pipeline.php(167): Illuminate\\Foundation\\Http\\Middleware\\PreventRequestsDuringMaintenance->handle(Object(Illuminate\\Http\\Request), Object(Closure))
#49 /Applications/MAMP/htdocs/enot-24/archive/vendor/fruitcake/laravel-cors/src/HandleCors.php(38): Illuminate\\Pipeline\\Pipeline->Illuminate\\Pipeline\\{closure}(Object(Illuminate\\Http\\Request))
#50 /Applications/MAMP/htdocs/enot-24/archive/vendor/laravel/framework/src/Illuminate/Pipeline/Pipeline.php(167): Fruitcake\\Cors\\HandleCors->handle(Object(Illuminate\\Http\\Request), Object(Closure))
#51 /Applications/MAMP/htdocs/enot-24/archive/vendor/laravel/framework/src/Illuminate/Http/Middleware/TrustProxies.php(39): Illuminate\\Pipeline\\Pipeline->Illuminate\\Pipeline\\{closure}(Object(Illuminate\\Http\\Request))
#52 /Applications/MAMP/htdocs/enot-24/archive/vendor/laravel/framework/src/Illuminate/Pipeline/Pipeline.php(167): Illuminate\\Http\\Middleware\\TrustProxies->handle(Object(Illuminate\\Http\\Request), Object(Closure))
#53 /Applications/MAMP/htdocs/enot-24/archive/vendor/laravel/framework/src/Illuminate/Pipeline/Pipeline.php(103): Illuminate\\Pipeline\\Pipeline->Illuminate\\Pipeline\\{closure}(Object(Illuminate\\Http\\Request))
#54 /Applications/MAMP/htdocs/enot-24/archive/vendor/laravel/framework/src/Illuminate/Foundation/Http/Kernel.php(142): Illuminate\\Pipeline\\Pipeline->then(Object(Closure))
#55 /Applications/MAMP/htdocs/enot-24/archive/vendor/laravel/framework/src/Illuminate/Foundation/Http/Kernel.php(111): Illuminate\\Foundation\\Http\\Kernel->sendRequestThroughRouter(Object(Illuminate\\Http\\Request))
#56 /Applications/MAMP/htdocs/enot-24/archive/public/index.php(51): Illuminate\\Foundation\\Http\\Kernel->handle(Object(Illuminate\\Http\\Request))
#57 /Applications/MAMP/htdocs/enot-24/archive/server.php(21): require_once('/Applications/M...')
#58 {main}
"} 
